2025-03-17 09:00:07 - root - INFO - 日志系统已初始化，日志文件路径: /Users/yohoyes/projects/cursor_projects/taizhang/backend.log
2025-03-17 09:00:07 - root - INFO - 服务启动
2025-03-17 09:01:49 - root - INFO - 服务关闭
2025-03-17 09:05:01 - root - INFO - 日志系统已初始化，日志文件路径: /Users/yohoyes/projects/cursor_projects/taizhang/backend.log
2025-03-17 09:05:02 - root - INFO - 服务启动
2025-03-17 09:05:44 - root - INFO - 服务关闭
2025-03-17 09:07:05 - root - INFO - 日志系统已初始化，日志文件路径: /Users/yohoyes/projects/cursor_projects/taizhang/backend.log
2025-03-17 09:07:05 - root - INFO - 服务启动
2025-03-17 09:07:10 - passlib.handlers.bcrypt - WARNING - (trapped) error reading bcrypt version
Traceback (most recent call last):
  File "/Users/yohoyes/projects/cursor_projects/taizhang/backend/venv/lib/python3.11/site-packages/passlib/handlers/bcrypt.py", line 620, in _load_backend_mixin
    version = _bcrypt.__about__.__version__
              ^^^^^^^^^^^^^^^^^
AttributeError: module 'bcrypt' has no attribute '__about__'
2025-03-17 09:07:16 - root - INFO - 服务关闭
2025-03-18 10:41:45 - root - INFO - 日志系统已初始化，日志文件路径: /Users/yohoyes/projects/cursor_projects/taizhang/backend.log
2025-03-18 10:41:45 - root - INFO - 服务启动
2025-03-18 10:41:46 - passlib.handlers.bcrypt - WARNING - (trapped) error reading bcrypt version
Traceback (most recent call last):
  File "/Users/yohoyes/projects/cursor_projects/taizhang/backend/venv/lib/python3.11/site-packages/passlib/handlers/bcrypt.py", line 620, in _load_backend_mixin
    version = _bcrypt.__about__.__version__
              ^^^^^^^^^^^^^^^^^
AttributeError: module 'bcrypt' has no attribute '__about__'
2025-03-18 10:41:46 - passlib.handlers.bcrypt - WARNING - (trapped) error reading bcrypt version
Traceback (most recent call last):
  File "/Users/yohoyes/projects/cursor_projects/taizhang/backend/venv/lib/python3.11/site-packages/passlib/handlers/bcrypt.py", line 620, in _load_backend_mixin
    version = _bcrypt.__about__.__version__
              ^^^^^^^^^^^^^^^^^
AttributeError: module 'bcrypt' has no attribute '__about__'
2025-03-18 10:41:46 - passlib.handlers.bcrypt - WARNING - (trapped) error reading bcrypt version
Traceback (most recent call last):
  File "/Users/yohoyes/projects/cursor_projects/taizhang/backend/venv/lib/python3.11/site-packages/passlib/handlers/bcrypt.py", line 620, in _load_backend_mixin
    version = _bcrypt.__about__.__version__
              ^^^^^^^^^^^^^^^^^
AttributeError: module 'bcrypt' has no attribute '__about__'
2025-03-18 10:41:46 - taizhang - INFO - [INFO] ledger.list: 查询台账列表 - User:1
2025-03-18 10:41:53 - taizhang - INFO - [INFO] ledger.list: 查询台账列表 - User:1
2025-03-18 10:43:18 - root - INFO - 服务关闭
2025-03-18 10:43:19 - root - INFO - 日志系统已初始化，日志文件路径: /Users/yohoyes/projects/cursor_projects/taizhang/backend.log
2025-03-18 10:43:19 - root - INFO - 服务启动
2025-03-18 10:43:29 - root - INFO - 服务关闭
2025-03-18 10:43:31 - root - INFO - 日志系统已初始化，日志文件路径: /Users/yohoyes/projects/cursor_projects/taizhang/backend.log
2025-03-18 10:43:31 - root - INFO - 服务启动
2025-03-18 11:25:51 - root - INFO - 服务关闭
2025-03-18 11:25:58 - root - INFO - 日志系统已初始化，日志文件路径: /Users/yohoyes/projects/cursor_projects/taizhang/backend.log
2025-03-18 11:25:58 - root - INFO - 服务启动
2025-03-18 11:27:46 - passlib.handlers.bcrypt - WARNING - (trapped) error reading bcrypt version
Traceback (most recent call last):
  File "/Users/yohoyes/projects/cursor_projects/taizhang/backend/venv/lib/python3.11/site-packages/passlib/handlers/bcrypt.py", line 620, in _load_backend_mixin
    version = _bcrypt.__about__.__version__
              ^^^^^^^^^^^^^^^^^
AttributeError: module 'bcrypt' has no attribute '__about__'
2025-03-18 11:27:47 - taizhang - INFO - [INFO] ledger.list: 查询台账列表 - User:1
2025-03-18 11:27:47 - taizhang - INFO - [INFO] ledger.list: 查询台账列表 - User:1
2025-03-18 11:29:00 - taizhang - INFO - [INFO] ledger.list: 查询台账列表 - User:1
2025-03-18 11:29:00 - taizhang - INFO - [INFO] ledger.list: 查询台账列表 - User:1
2025-03-18 11:29:22 - taizhang - INFO - [INFO] ledger.list: 查询台账列表 - User:1
2025-03-18 11:29:22 - taizhang - INFO - [INFO] ledger.list: 查询台账列表 - User:1
2025-03-18 11:29:50 - taizhang - INFO - [INFO] ledger.list: 查询台账列表 - User:1
2025-03-18 11:29:50 - taizhang - INFO - [INFO] ledger.list: 查询台账列表 - User:1
2025-03-18 11:36:10 - root - INFO - 访问根路径
2025-03-18 11:57:16 - taizhang - INFO - [INFO] ledger.list: 查询台账列表 - User:1
2025-03-18 11:57:16 - taizhang - INFO - [INFO] ledger.list: 查询台账列表 - User:1
2025-03-18 12:42:26 - taizhang - INFO - [INFO] ledger.list: 查询台账列表 - User:1
2025-03-18 12:42:26 - taizhang - INFO - [INFO] ledger.list: 查询台账列表 - User:1
2025-03-18 12:42:27 - taizhang - INFO - [INFO] ledger.list: 查询台账列表 - User:1
2025-03-18 12:42:27 - taizhang - INFO - [INFO] ledger.list: 查询台账列表 - User:1
2025-03-18 12:42:50 - taizhang - INFO - [INFO] ledger.list: 查询台账列表 - User:1
2025-03-18 12:42:50 - taizhang - INFO - [INFO] ledger.list: 查询台账列表 - User:1
2025-03-18 12:42:53 - taizhang - INFO - [INFO] log.view_ledger_audit_logs: 查看台账 测试审批API台账 的审计日志 - ledger:10 - User:1
2025-03-18 12:42:53 - taizhang - INFO - [INFO] ledger.read: 查看台账 测试审批API台账 - ledger:10 - User:1
2025-03-18 12:42:53 - taizhang - INFO - [INFO] log.view_ledger_audit_logs: 查看台账 测试审批API台账 的审计日志 - ledger:10 - User:1
2025-03-18 12:42:53 - taizhang - INFO - [INFO] ledger.read: 查看台账 测试审批API台账 - ledger:10 - User:1
2025-03-18 12:42:57 - taizhang - INFO - [INFO] ledger.list: 查询台账列表 - User:1
2025-03-18 12:42:57 - taizhang - INFO - [INFO] ledger.list: 查询台账列表 - User:1
2025-03-18 12:42:59 - taizhang - INFO - [INFO] ledger.read: 查看台账 更新后的API测试台账 - ledger:4 - User:1
2025-03-18 12:42:59 - taizhang - INFO - [INFO] log.view_ledger_audit_logs: 查看台账 更新后的API测试台账 的审计日志 - ledger:4 - User:1
2025-03-18 12:42:59 - taizhang - INFO - [INFO] log.view_ledger_audit_logs: 查看台账 更新后的API测试台账 的审计日志 - ledger:4 - User:1
2025-03-18 12:42:59 - taizhang - INFO - [INFO] ledger.read: 查看台账 更新后的API测试台账 - ledger:4 - User:1
2025-03-18 12:43:07 - taizhang - INFO - [INFO] ledger.list: 查询台账列表 - User:1
2025-03-18 12:43:07 - taizhang - INFO - [INFO] ledger.list: 查询台账列表 - User:1
2025-03-18 12:43:11 - taizhang - INFO - [INFO] ledger.read: 查看台账 更新后的API测试台账 - ledger:4 - User:1
2025-03-18 12:43:11 - taizhang - INFO - [INFO] log.view_ledger_audit_logs: 查看台账 更新后的API测试台账 的审计日志 - ledger:4 - User:1
2025-03-18 12:43:11 - taizhang - INFO - [INFO] log.view_ledger_audit_logs: 查看台账 更新后的API测试台账 的审计日志 - ledger:4 - User:1
2025-03-18 12:43:11 - taizhang - INFO - [INFO] ledger.read: 查看台账 更新后的API测试台账 - ledger:4 - User:1
2025-03-18 12:43:43 - taizhang - INFO - [INFO] ledger.list: 查询台账列表 - User:1
2025-03-18 12:43:43 - taizhang - INFO - [INFO] ledger.list: 查询台账列表 - User:1
2025-03-18 12:43:59 - taizhang - INFO - [INFO] ledger.list: 查询台账列表 - User:1
2025-03-18 12:43:59 - taizhang - INFO - [INFO] ledger.list: 查询台账列表 - User:1
2025-03-18 12:44:09 - taizhang - INFO - [INFO] ledger.read: 查看台账 测试审批API台账 - ledger:10 - User:1
2025-03-18 12:44:09 - taizhang - INFO - [INFO] log.view_ledger_audit_logs: 查看台账 测试审批API台账 的审计日志 - ledger:10 - User:1
2025-03-18 12:44:09 - taizhang - INFO - [INFO] ledger.read: 查看台账 测试审批API台账 - ledger:10 - User:1
2025-03-18 12:44:09 - taizhang - INFO - [INFO] log.view_ledger_audit_logs: 查看台账 测试审批API台账 的审计日志 - ledger:10 - User:1
2025-03-18 12:44:12 - taizhang - INFO - [INFO] ledger.list: 查询台账列表 - User:1
2025-03-18 12:44:12 - taizhang - INFO - [INFO] ledger.list: 查询台账列表 - User:1
2025-03-18 12:49:11 - root - INFO - 服务关闭
2025-03-18 12:49:14 - root - INFO - 日志系统已初始化，日志文件路径: /Users/yohoyes/projects/cursor_projects/taizhang/backend.log
2025-03-18 12:49:14 - root - INFO - 服务启动
2025-03-18 12:51:11 - root - INFO - 服务关闭
2025-03-18 12:51:37 - root - INFO - 日志系统已初始化，日志文件路径: /Users/yohoyes/projects/cursor_projects/taizhang/backend.log
2025-03-18 12:51:37 - root - INFO - 服务启动
2025-03-18 12:53:51 - root - INFO - 服务关闭
2025-03-18 12:53:52 - root - INFO - 日志系统已初始化，日志文件路径: /Users/yohoyes/projects/cursor_projects/taizhang/backend.log
2025-03-18 12:53:53 - root - INFO - 服务启动
2025-03-18 12:54:07 - passlib.handlers.bcrypt - WARNING - (trapped) error reading bcrypt version
Traceback (most recent call last):
  File "/Users/yohoyes/projects/cursor_projects/taizhang/backend/venv/lib/python3.11/site-packages/passlib/handlers/bcrypt.py", line 620, in _load_backend_mixin
    version = _bcrypt.__about__.__version__
              ^^^^^^^^^^^^^^^^^
AttributeError: module 'bcrypt' has no attribute '__about__'
2025-03-18 12:54:08 - taizhang - INFO - [INFO] ledger.list: 查询台账列表 - User:1
2025-03-18 12:54:08 - taizhang - INFO - [INFO] ledger.list: 查询台账列表 - User:1
2025-03-18 12:59:14 - taizhang - INFO - [INFO] ledger.list: 查询台账列表 - User:1
2025-03-18 12:59:18 - taizhang - INFO - [INFO] ledger.list: 查询台账列表 - User:1
2025-03-18 12:59:33 - taizhang - INFO - [INFO] ledger.list: 查询台账列表 - User:1
2025-03-18 12:59:53 - taizhang - INFO - [INFO] ledger.list: 查询台账列表 - User:1
2025-03-18 12:59:58 - taizhang - INFO - [INFO] ledger.list: 查询台账列表 - User:1
2025-03-18 12:59:58 - taizhang - INFO - [INFO] ledger.list: 查询台账列表 - User:1
2025-03-18 13:03:44 - root - INFO - 服务关闭
2025-03-18 13:03:45 - root - INFO - 日志系统已初始化，日志文件路径: /Users/yohoyes/projects/cursor_projects/taizhang/backend.log
2025-03-18 13:03:45 - root - INFO - 服务启动
2025-03-18 13:04:39 - passlib.handlers.bcrypt - WARNING - (trapped) error reading bcrypt version
Traceback (most recent call last):
  File "/Users/yohoyes/projects/cursor_projects/taizhang/backend/venv/lib/python3.11/site-packages/passlib/handlers/bcrypt.py", line 620, in _load_backend_mixin
    version = _bcrypt.__about__.__version__
              ^^^^^^^^^^^^^^^^^
AttributeError: module 'bcrypt' has no attribute '__about__'
2025-03-18 13:04:40 - taizhang - INFO - [INFO] ledger.list: 查询台账列表 - User:1
2025-03-18 13:04:40 - taizhang - INFO - [INFO] ledger.list: 查询台账列表 - User:1
2025-03-18 13:04:48 - taizhang - INFO - [INFO] ledger.list: 查询台账列表 - User:1
2025-03-18 13:04:48 - taizhang - INFO - [INFO] ledger.list: 查询台账列表 - User:1
2025-03-18 13:10:04 - root - INFO - 服务关闭
2025-03-18 13:10:05 - root - INFO - 日志系统已初始化，日志文件路径: /Users/yohoyes/projects/cursor_projects/taizhang/backend.log
2025-03-18 13:10:05 - root - INFO - 服务启动
2025-03-18 13:57:07 - passlib.handlers.bcrypt - WARNING - (trapped) error reading bcrypt version
Traceback (most recent call last):
  File "/Users/yohoyes/projects/cursor_projects/taizhang/backend/venv/lib/python3.11/site-packages/passlib/handlers/bcrypt.py", line 620, in _load_backend_mixin
    version = _bcrypt.__about__.__version__
              ^^^^^^^^^^^^^^^^^
AttributeError: module 'bcrypt' has no attribute '__about__'
2025-03-18 13:57:07 - taizhang - INFO - [INFO] ledger.list: 查询台账列表 - User:1
2025-03-18 14:01:07 - root - INFO - 访问根路径
2025-03-18 14:02:17 - taizhang - INFO - [INFO] ledger.list: 查询台账列表 - User:1
2025-03-18 14:02:17 - taizhang - INFO - [INFO] ledger.list: 查询台账列表 - User:1
2025-03-18 14:29:29 - root - INFO - 服务关闭
2025-03-18 14:29:30 - root - INFO - 日志系统已初始化，日志文件路径: /Users/yohoyes/projects/cursor_projects/taizhang/backend.log
2025-03-18 14:29:30 - root - INFO - 服务启动
2025-03-18 14:31:08 - root - INFO - 服务关闭
2025-03-18 14:31:10 - root - INFO - 日志系统已初始化，日志文件路径: /Users/yohoyes/projects/cursor_projects/taizhang/backend.log
2025-03-18 14:31:10 - root - INFO - 服务启动
2025-03-18 14:32:34 - root - INFO - 服务关闭
2025-03-18 14:32:36 - root - INFO - 日志系统已初始化，日志文件路径: /Users/yohoyes/projects/cursor_projects/taizhang/backend.log
2025-03-18 14:32:36 - root - INFO - 服务启动
2025-03-18 14:33:33 - root - INFO - 服务关闭
2025-03-18 14:33:34 - root - INFO - 日志系统已初始化，日志文件路径: /Users/yohoyes/projects/cursor_projects/taizhang/backend.log
2025-03-18 14:33:34 - root - INFO - 服务启动
2025-03-18 14:33:53 - root - INFO - 服务关闭
2025-03-18 14:33:55 - root - INFO - 日志系统已初始化，日志文件路径: /Users/yohoyes/projects/cursor_projects/taizhang/backend.log
2025-03-18 14:33:55 - root - INFO - 服务启动
2025-03-18 14:34:59 - root - INFO - 访问根路径
2025-03-18 14:35:00 - root - INFO - 访问根路径
2025-03-18 14:35:26 - passlib.handlers.bcrypt - WARNING - (trapped) error reading bcrypt version
Traceback (most recent call last):
  File "/Users/yohoyes/projects/cursor_projects/taizhang/backend/venv/lib/python3.11/site-packages/passlib/handlers/bcrypt.py", line 620, in _load_backend_mixin
    version = _bcrypt.__about__.__version__
              ^^^^^^^^^^^^^^^^^
AttributeError: module 'bcrypt' has no attribute '__about__'
2025-03-18 14:35:26 - casbin.policy - INFO - Model:
2025-03-18 14:35:26 - casbin.policy - INFO - r.r: sub, obj, act
2025-03-18 14:35:26 - casbin.policy - INFO - p.p: sub, obj, act
2025-03-18 14:35:26 - casbin.policy - INFO - e.e: some(where (p_eft == allow))
2025-03-18 14:35:26 - casbin.policy - INFO - m.m: g(r_sub, p_sub) && r_obj == p_obj && r_act == p_act
2025-03-18 14:35:26 - casbin.policy - INFO - g.g: _, _
2025-03-18 14:35:26 - casbin.policy - INFO - Policy:
2025-03-18 14:35:26 - casbin.policy - INFO - p : sub, obj, act : []
2025-03-18 14:35:26 - casbin.policy - INFO - g : _, _ : []
2025-03-18 14:35:26 - casbin.policy - INFO - Role links for: g
2025-03-18 14:35:26 - casbin.role - INFO - 
2025-03-18 14:36:46 - root - INFO - 服务关闭
2025-03-18 14:36:47 - root - INFO - 日志系统已初始化，日志文件路径: /Users/yohoyes/projects/cursor_projects/taizhang/backend.log
2025-03-18 14:36:47 - root - INFO - 服务启动
2025-03-18 14:36:50 - root - INFO - 服务关闭
2025-03-18 14:36:51 - root - INFO - 日志系统已初始化，日志文件路径: /Users/yohoyes/projects/cursor_projects/taizhang/backend.log
2025-03-18 14:36:51 - root - INFO - 服务启动
2025-03-18 14:40:26 - root - INFO - 服务关闭
2025-03-18 14:40:28 - root - INFO - 日志系统已初始化，日志文件路径: /Users/yohoyes/projects/cursor_projects/taizhang/backend.log
2025-03-18 14:40:28 - root - INFO - 服务启动
2025-03-18 14:40:53 - passlib.handlers.bcrypt - WARNING - (trapped) error reading bcrypt version
Traceback (most recent call last):
  File "/Users/yohoyes/projects/cursor_projects/taizhang/backend/venv/lib/python3.11/site-packages/passlib/handlers/bcrypt.py", line 620, in _load_backend_mixin
    version = _bcrypt.__about__.__version__
              ^^^^^^^^^^^^^^^^^
AttributeError: module 'bcrypt' has no attribute '__about__'
2025-03-18 14:40:53 - casbin.policy - INFO - Model:
2025-03-18 14:40:53 - casbin.policy - INFO - r.r: sub, obj, act
2025-03-18 14:40:53 - casbin.policy - INFO - p.p: sub, obj, act
2025-03-18 14:40:53 - casbin.policy - INFO - e.e: some(where (p_eft == allow))
2025-03-18 14:40:53 - casbin.policy - INFO - m.m: g(r_sub, p_sub) && r_obj == p_obj && r_act == p_act
2025-03-18 14:40:53 - casbin.policy - INFO - g.g: _, _
2025-03-18 14:40:53 - casbin.policy - INFO - Policy:
2025-03-18 14:40:53 - casbin.policy - INFO - p : sub, obj, act : []
2025-03-18 14:40:53 - casbin.policy - INFO - g : _, _ : []
2025-03-18 14:40:53 - casbin.policy - INFO - Role links for: g
2025-03-18 14:40:53 - casbin.role - INFO - 
2025-03-18 14:41:14 - taizhang - INFO - [INFO] ledger.list: 查询台账列表 - User:1
2025-03-18 14:41:14 - taizhang - INFO - [INFO] ledger.list: 查询台账列表 - User:1
2025-03-18 14:43:13 - root - INFO - 服务关闭
2025-03-18 14:45:17 - root - INFO - 日志系统已初始化，日志文件路径: /Users/yohoyes/projects/cursor_projects/taizhang/backend.log
2025-03-18 14:45:18 - root - INFO - 服务启动
2025-03-18 14:47:43 - root - INFO - 服务关闭
2025-03-18 14:50:23 - root - INFO - 日志系统已初始化，日志文件路径: /Users/yohoyes/projects/cursor_projects/taizhang/backend.log
2025-03-18 14:50:24 - root - INFO - 服务启动
2025-03-18 14:51:35 - root - INFO - 服务关闭
2025-03-18 14:51:39 - root - INFO - 日志系统已初始化，日志文件路径: /Users/yohoyes/projects/cursor_projects/taizhang/backend.log
2025-03-18 14:51:39 - root - INFO - 服务启动
2025-03-18 14:51:45 - root - INFO - 服务关闭
2025-03-18 14:52:24 - root - INFO - 日志系统已初始化，日志文件路径: /Users/yohoyes/projects/cursor_projects/taizhang/backend.log
2025-03-18 14:52:24 - root - INFO - 服务启动
2025-03-18 14:52:25 - casbin.policy - INFO - Model:
2025-03-18 14:52:25 - casbin.policy - INFO - r.r: sub, obj, act
2025-03-18 14:52:25 - casbin.policy - INFO - p.p: sub, obj, act
2025-03-18 14:52:25 - casbin.policy - INFO - e.e: some(where (p_eft == allow))
2025-03-18 14:52:25 - casbin.policy - INFO - m.m: g(r_sub, p_sub) && r_obj == p_obj && r_act == p_act
2025-03-18 14:52:25 - casbin.policy - INFO - g.g: _, _
2025-03-18 14:52:25 - casbin.policy - INFO - Policy:
2025-03-18 14:52:25 - casbin.policy - INFO - p : sub, obj, act : []
2025-03-18 14:52:25 - casbin.policy - INFO - g : _, _ : []
2025-03-18 14:52:25 - casbin.policy - INFO - Role links for: g
2025-03-18 14:52:25 - casbin.role - INFO - 
2025-03-18 14:52:26 - taizhang - INFO - [INFO] ledger.list: 查询台账列表 - User:1
2025-03-18 14:52:26 - taizhang - INFO - [INFO] ledger.list: 查询台账列表 - User:1
2025-03-18 14:55:43 - taizhang - INFO - [INFO] ledger.list: 查询台账列表 - User:1
2025-03-18 14:55:43 - taizhang - INFO - [INFO] ledger.list: 查询台账列表 - User:1
2025-03-18 15:06:04 - root - INFO - 服务关闭
2025-03-18 15:06:08 - root - INFO - 日志系统已初始化，日志文件路径: /Users/yohoyes/projects/cursor_projects/taizhang/backend.log
2025-03-18 15:06:09 - root - INFO - 服务启动
2025-03-18 15:06:12 - root - INFO - 日志系统已初始化，日志文件路径: /Users/yohoyes/projects/cursor_projects/taizhang/backend.log
2025-03-18 15:06:12 - root - INFO - 服务启动
2025-03-18 15:06:41 - root - INFO - 服务关闭
2025-03-18 15:06:45 - root - INFO - 日志系统已初始化，日志文件路径: /Users/yohoyes/projects/cursor_projects/taizhang/backend.log
2025-03-18 15:06:45 - root - INFO - 服务启动
2025-03-18 15:06:48 - root - INFO - 日志系统已初始化，日志文件路径: /Users/yohoyes/projects/cursor_projects/taizhang/backend.log
2025-03-18 15:06:49 - root - INFO - 服务启动
2025-03-18 15:07:21 - root - INFO - 服务关闭
2025-03-18 15:07:25 - root - INFO - 日志系统已初始化，日志文件路径: /Users/yohoyes/projects/cursor_projects/taizhang/backend.log
2025-03-18 15:07:26 - root - INFO - 服务启动
2025-03-18 15:07:29 - root - INFO - 日志系统已初始化，日志文件路径: /Users/yohoyes/projects/cursor_projects/taizhang/backend.log
2025-03-18 15:07:29 - root - INFO - 服务启动
2025-03-18 15:07:46 - root - INFO - 服务关闭
2025-03-18 15:07:51 - root - INFO - 日志系统已初始化，日志文件路径: /Users/yohoyes/projects/cursor_projects/taizhang/backend.log
2025-03-18 15:07:51 - root - INFO - 服务启动
2025-03-18 15:07:52 - root - INFO - 服务关闭
2025-03-18 15:07:56 - root - INFO - 日志系统已初始化，日志文件路径: /Users/yohoyes/projects/cursor_projects/taizhang/backend.log
2025-03-18 15:07:57 - root - INFO - 服务启动
2025-03-18 15:08:19 - root - INFO - 服务关闭
2025-03-18 15:08:23 - root - INFO - 日志系统已初始化，日志文件路径: /Users/yohoyes/projects/cursor_projects/taizhang/backend.log
2025-03-18 15:08:23 - root - INFO - 服务启动
2025-03-18 15:08:26 - root - INFO - 日志系统已初始化，日志文件路径: /Users/yohoyes/projects/cursor_projects/taizhang/backend.log
2025-03-18 15:08:26 - root - INFO - 服务启动
2025-03-18 15:08:44 - root - INFO - 服务关闭
2025-03-18 15:08:48 - root - INFO - 日志系统已初始化，日志文件路径: /Users/yohoyes/projects/cursor_projects/taizhang/backend.log
2025-03-18 15:08:48 - root - INFO - 服务启动
2025-03-18 15:08:52 - root - INFO - 日志系统已初始化，日志文件路径: /Users/yohoyes/projects/cursor_projects/taizhang/backend.log
2025-03-18 15:08:52 - root - INFO - 服务启动
2025-03-18 15:09:19 - root - INFO - 服务关闭
2025-03-18 15:09:24 - root - INFO - 日志系统已初始化，日志文件路径: /Users/yohoyes/projects/cursor_projects/taizhang/backend.log
2025-03-18 15:09:24 - root - INFO - 服务启动
2025-03-18 15:09:28 - root - INFO - 日志系统已初始化，日志文件路径: /Users/yohoyes/projects/cursor_projects/taizhang/backend.log
2025-03-18 15:09:28 - root - INFO - 服务启动
2025-03-18 15:10:02 - root - INFO - 服务关闭
2025-03-18 15:10:06 - root - INFO - 日志系统已初始化，日志文件路径: /Users/yohoyes/projects/cursor_projects/taizhang/backend.log
2025-03-18 15:10:06 - root - INFO - 服务启动
2025-03-18 15:10:10 - root - INFO - 日志系统已初始化，日志文件路径: /Users/yohoyes/projects/cursor_projects/taizhang/backend.log
2025-03-18 15:10:10 - root - INFO - 服务启动
2025-03-18 15:11:13 - root - INFO - 服务关闭
2025-03-18 15:11:18 - root - INFO - 日志系统已初始化，日志文件路径: /Users/yohoyes/projects/cursor_projects/taizhang/backend.log
2025-03-18 15:11:18 - root - INFO - 服务启动
2025-03-18 15:11:22 - root - INFO - 日志系统已初始化，日志文件路径: /Users/yohoyes/projects/cursor_projects/taizhang/backend.log
2025-03-18 15:11:22 - root - INFO - 服务启动
2025-03-18 15:11:39 - root - INFO - 服务关闭
2025-03-18 15:11:43 - root - INFO - 日志系统已初始化，日志文件路径: /Users/yohoyes/projects/cursor_projects/taizhang/backend.log
2025-03-18 15:11:43 - root - INFO - 服务启动
2025-03-18 15:12:04 - root - INFO - 服务关闭
2025-03-18 15:12:08 - root - INFO - 日志系统已初始化，日志文件路径: /Users/yohoyes/projects/cursor_projects/taizhang/backend.log
2025-03-18 15:12:08 - root - INFO - 服务启动
2025-03-18 15:12:52 - root - INFO - 服务关闭
2025-03-18 15:12:56 - root - INFO - 日志系统已初始化，日志文件路径: /Users/yohoyes/projects/cursor_projects/taizhang/backend.log
2025-03-18 15:12:56 - root - INFO - 服务启动
2025-03-18 15:13:21 - root - INFO - 服务关闭
2025-03-18 15:13:26 - root - INFO - 日志系统已初始化，日志文件路径: /Users/yohoyes/projects/cursor_projects/taizhang/backend.log
2025-03-18 15:13:26 - root - INFO - 服务启动
2025-03-18 15:13:29 - root - INFO - 日志系统已初始化，日志文件路径: /Users/yohoyes/projects/cursor_projects/taizhang/backend.log
2025-03-18 15:13:30 - root - INFO - 服务启动
2025-03-18 15:13:55 - root - INFO - 服务关闭
2025-03-18 15:13:58 - root - INFO - 日志系统已初始化，日志文件路径: /Users/yohoyes/projects/cursor_projects/taizhang/backend.log
2025-03-18 15:13:59 - root - INFO - 服务启动
2025-03-18 15:14:06 - root - INFO - 服务关闭
2025-03-18 15:14:10 - root - INFO - 日志系统已初始化，日志文件路径: /Users/yohoyes/projects/cursor_projects/taizhang/backend.log
2025-03-18 15:14:10 - root - INFO - 服务启动
2025-03-18 15:14:50 - root - INFO - 服务关闭
2025-03-18 15:15:25 - root - INFO - 日志系统已初始化，日志文件路径: /Users/yohoyes/projects/cursor_projects/taizhang/backend.log
2025-03-18 15:15:26 - root - INFO - 服务启动
2025-03-18 15:15:29 - root - INFO - 日志系统已初始化，日志文件路径: /Users/yohoyes/projects/cursor_projects/taizhang/backend.log
2025-03-18 15:15:30 - root - INFO - 服务启动
2025-03-18 15:17:19 - root - INFO - 服务关闭
2025-03-18 15:17:23 - root - INFO - 日志系统已初始化，日志文件路径: /Users/yohoyes/projects/cursor_projects/taizhang/backend.log
2025-03-18 15:17:24 - root - INFO - 服务启动
2025-03-18 15:19:03 - root - INFO - 日志系统已初始化，日志文件路径: /Users/yohoyes/projects/cursor_projects/taizhang/backend.log
2025-03-18 15:19:23 - root - INFO - 日志系统已初始化，日志文件路径: /Users/yohoyes/projects/cursor_projects/taizhang/backend.log
2025-03-18 15:21:45 - root - INFO - 日志系统已初始化，日志文件路径: /Users/yohoyes/projects/cursor_projects/taizhang/backend.log
2025-03-18 15:24:18 - root - INFO - 日志系统已初始化，日志文件路径: /Users/yohoyes/projects/cursor_projects/taizhang/backend.log
2025-03-18 15:24:38 - root - INFO - 服务关闭
2025-03-18 15:24:42 - root - INFO - 日志系统已初始化，日志文件路径: /Users/yohoyes/projects/cursor_projects/taizhang/backend.log
2025-03-18 15:24:42 - root - INFO - 服务启动
2025-03-18 15:25:03 - root - INFO - 服务关闭
2025-03-18 15:25:07 - root - INFO - 日志系统已初始化，日志文件路径: /Users/yohoyes/projects/cursor_projects/taizhang/backend.log
2025-03-18 15:25:07 - root - INFO - 服务启动
2025-03-18 15:25:33 - root - INFO - 日志系统已初始化，日志文件路径: /Users/yohoyes/projects/cursor_projects/taizhang/backend.log
2025-03-18 15:26:43 - root - INFO - 服务关闭
2025-03-18 15:26:47 - root - INFO - 日志系统已初始化，日志文件路径: /Users/yohoyes/projects/cursor_projects/taizhang/backend.log
2025-03-18 15:26:47 - root - INFO - 服务启动
2025-03-18 15:27:03 - root - INFO - 服务关闭
2025-03-18 15:27:07 - root - INFO - 日志系统已初始化，日志文件路径: /Users/yohoyes/projects/cursor_projects/taizhang/backend.log
2025-03-18 15:27:07 - root - INFO - 服务启动
2025-03-18 15:27:29 - root - INFO - 日志系统已初始化，日志文件路径: /Users/yohoyes/projects/cursor_projects/taizhang/backend.log
2025-03-18 15:27:47 - root - INFO - 日志系统已初始化，日志文件路径: /Users/yohoyes/projects/cursor_projects/taizhang/backend.log
2025-03-18 15:28:51 - root - INFO - 服务关闭
2025-03-18 15:28:55 - root - INFO - 日志系统已初始化，日志文件路径: /Users/yohoyes/projects/cursor_projects/taizhang/backend.log
2025-03-18 15:28:56 - root - INFO - 服务启动
2025-03-18 15:29:02 - root - INFO - 日志系统已初始化，日志文件路径: /Users/yohoyes/projects/cursor_projects/taizhang/backend.log
2025-03-18 15:29:24 - root - INFO - 日志系统已初始化，日志文件路径: /Users/yohoyes/projects/cursor_projects/taizhang/backend.log
2025-03-18 15:29:54 - root - INFO - 服务关闭
2025-03-18 15:29:58 - root - INFO - 日志系统已初始化，日志文件路径: /Users/yohoyes/projects/cursor_projects/taizhang/backend.log
2025-03-18 15:29:59 - root - INFO - 服务启动
2025-03-18 15:30:43 - root - INFO - 日志系统已初始化，日志文件路径: /Users/yohoyes/projects/cursor_projects/taizhang/backend.log
2025-03-18 15:31:17 - root - INFO - 服务关闭
2025-03-18 15:31:21 - root - INFO - 日志系统已初始化，日志文件路径: /Users/yohoyes/projects/cursor_projects/taizhang/backend.log
2025-03-18 15:31:22 - root - INFO - 服务启动
2025-03-18 15:31:27 - root - INFO - 日志系统已初始化，日志文件路径: /Users/yohoyes/projects/cursor_projects/taizhang/backend.log
2025-03-18 15:31:48 - root - INFO - 服务关闭
2025-03-18 15:31:52 - root - INFO - 日志系统已初始化，日志文件路径: /Users/yohoyes/projects/cursor_projects/taizhang/backend.log
2025-03-18 15:31:52 - root - INFO - 服务启动
2025-03-18 15:32:02 - root - INFO - 日志系统已初始化，日志文件路径: /Users/yohoyes/projects/cursor_projects/taizhang/backend.log
2025-03-18 15:32:29 - root - INFO - 日志系统已初始化，日志文件路径: /Users/yohoyes/projects/cursor_projects/taizhang/backend.log
2025-03-18 15:33:08 - root - INFO - 服务关闭
2025-03-18 15:33:11 - root - INFO - 日志系统已初始化，日志文件路径: /Users/yohoyes/projects/cursor_projects/taizhang/backend.log
2025-03-18 15:33:12 - root - INFO - 服务启动
2025-03-18 15:33:32 - root - INFO - 服务关闭
2025-03-18 15:33:38 - root - INFO - 日志系统已初始化，日志文件路径: /Users/yohoyes/projects/cursor_projects/taizhang/backend.log
2025-03-18 15:33:38 - root - INFO - 服务启动
2025-03-18 15:33:56 - root - INFO - 服务关闭
2025-03-18 15:34:00 - root - INFO - 日志系统已初始化，日志文件路径: /Users/yohoyes/projects/cursor_projects/taizhang/backend.log
2025-03-18 15:34:01 - root - INFO - 服务启动
2025-03-18 15:34:28 - root - INFO - 日志系统已初始化，日志文件路径: /Users/yohoyes/projects/cursor_projects/taizhang/backend.log
2025-03-18 15:35:02 - root - INFO - 服务关闭
2025-03-18 15:35:06 - root - INFO - 日志系统已初始化，日志文件路径: /Users/yohoyes/projects/cursor_projects/taizhang/backend.log
2025-03-18 15:35:06 - root - INFO - 服务启动
2025-03-18 15:35:37 - root - INFO - 服务关闭
2025-03-18 15:35:41 - root - INFO - 日志系统已初始化，日志文件路径: /Users/yohoyes/projects/cursor_projects/taizhang/backend.log
2025-03-18 15:35:41 - root - INFO - 服务启动
2025-03-18 15:35:59 - root - INFO - 服务关闭
2025-03-18 15:36:04 - root - INFO - 日志系统已初始化，日志文件路径: /Users/yohoyes/projects/cursor_projects/taizhang/backend.log
2025-03-18 15:36:04 - root - INFO - 服务启动
2025-03-18 15:36:25 - root - INFO - 日志系统已初始化，日志文件路径: /Users/yohoyes/projects/cursor_projects/taizhang/backend.log
2025-03-18 15:36:51 - root - INFO - 服务关闭
2025-03-18 15:36:55 - root - INFO - 日志系统已初始化，日志文件路径: /Users/yohoyes/projects/cursor_projects/taizhang/backend.log
2025-03-18 15:36:55 - root - INFO - 服务启动
2025-03-18 15:37:02 - root - INFO - 日志系统已初始化，日志文件路径: /Users/yohoyes/projects/cursor_projects/taizhang/backend.log
2025-03-18 15:37:33 - root - INFO - 日志系统已初始化，日志文件路径: /Users/yohoyes/projects/cursor_projects/taizhang/backend.log
2025-03-18 15:38:33 - root - INFO - 服务关闭
2025-03-18 15:38:39 - root - INFO - 日志系统已初始化，日志文件路径: /Users/yohoyes/projects/cursor_projects/taizhang/backend.log
2025-03-18 15:38:39 - root - INFO - 服务启动
2025-03-18 15:39:06 - root - INFO - 日志系统已初始化，日志文件路径: /Users/yohoyes/projects/cursor_projects/taizhang/backend.log
2025-03-18 15:39:34 - root - INFO - 日志系统已初始化，日志文件路径: /Users/yohoyes/projects/cursor_projects/taizhang/backend.log
2025-03-18 15:39:38 - casbin.policy - INFO - Model:
2025-03-18 15:39:38 - casbin.policy - INFO - r.r: sub, obj, act
2025-03-18 15:39:38 - casbin.policy - INFO - p.p: sub, obj, act
2025-03-18 15:39:38 - casbin.policy - INFO - e.e: some(where (p_eft == allow))
2025-03-18 15:39:38 - casbin.policy - INFO - m.m: g(r_sub, p_sub) && r_obj == p_obj && r_act == p_act
2025-03-18 15:39:38 - casbin.policy - INFO - g.g: _, _
2025-03-18 15:39:38 - casbin.policy - INFO - Policy:
2025-03-18 15:39:38 - casbin.policy - INFO - p : sub, obj, act : []
2025-03-18 15:39:38 - casbin.policy - INFO - g : _, _ : []
2025-03-18 15:39:38 - casbin.policy - INFO - Role links for: g
2025-03-18 15:39:38 - casbin.role - INFO - 
2025-03-18 15:40:03 - root - INFO - 日志系统已初始化，日志文件路径: /Users/yohoyes/projects/cursor_projects/taizhang/backend.log
2025-03-18 15:40:38 - root - INFO - 日志系统已初始化，日志文件路径: /Users/yohoyes/projects/cursor_projects/taizhang/backend.log
2025-03-18 15:40:43 - casbin.policy - INFO - Model:
2025-03-18 15:40:43 - casbin.policy - INFO - r.r: sub, obj, act
2025-03-18 15:40:43 - casbin.policy - INFO - p.p: sub, obj, act
2025-03-18 15:40:43 - casbin.policy - INFO - e.e: some(where (p_eft == allow))
2025-03-18 15:40:43 - casbin.policy - INFO - m.m: g(r_sub, p_sub) && r_obj == p_obj && r_act == p_act
2025-03-18 15:40:43 - casbin.policy - INFO - g.g: _, _
2025-03-18 15:40:43 - casbin.policy - INFO - Policy:
2025-03-18 15:40:43 - casbin.policy - INFO - p : sub, obj, act : []
2025-03-18 15:40:43 - casbin.policy - INFO - g : _, _ : []
2025-03-18 15:40:43 - casbin.policy - INFO - Role links for: g
2025-03-18 15:40:43 - casbin.role - INFO - 
2025-03-18 15:41:28 - root - INFO - 服务关闭
2025-03-18 15:41:31 - root - INFO - 日志系统已初始化，日志文件路径: /Users/yohoyes/projects/cursor_projects/taizhang/backend.log
2025-03-18 15:41:32 - root - INFO - 服务启动
2025-03-18 15:43:29 - root - INFO - 服务关闭
2025-03-18 15:43:33 - root - INFO - 日志系统已初始化，日志文件路径: /Users/yohoyes/projects/cursor_projects/taizhang/backend.log
2025-03-18 15:43:34 - root - INFO - 服务启动
2025-03-18 15:44:19 - root - INFO - 服务关闭
2025-03-18 15:44:23 - root - INFO - 日志系统已初始化，日志文件路径: /Users/yohoyes/projects/cursor_projects/taizhang/backend.log
2025-03-18 15:44:24 - root - INFO - 服务启动
2025-03-18 15:45:34 - root - INFO - 服务关闭
2025-03-18 15:45:38 - root - INFO - 日志系统已初始化，日志文件路径: /Users/yohoyes/projects/cursor_projects/taizhang/backend.log
2025-03-18 15:45:39 - root - INFO - 服务启动
2025-03-18 15:46:44 - root - INFO - 服务关闭
2025-03-18 15:46:48 - root - INFO - 日志系统已初始化，日志文件路径: /Users/yohoyes/projects/cursor_projects/taizhang/backend.log
2025-03-18 15:46:49 - root - INFO - 服务启动
2025-03-18 15:46:56 - root - INFO - 日志系统已初始化，日志文件路径: /Users/yohoyes/projects/cursor_projects/taizhang/backend.log
2025-03-18 15:47:06 - casbin.policy - INFO - Model:
2025-03-18 15:47:06 - casbin.policy - INFO - r.r: sub, obj, act
2025-03-18 15:47:06 - casbin.policy - INFO - p.p: sub, obj, act
2025-03-18 15:47:06 - casbin.policy - INFO - e.e: some(where (p_eft == allow))
2025-03-18 15:47:06 - casbin.policy - INFO - m.m: g(r_sub, p_sub) && r_obj == p_obj && r_act == p_act
2025-03-18 15:47:06 - casbin.policy - INFO - g.g: _, _
2025-03-18 15:47:06 - casbin.policy - INFO - Policy:
2025-03-18 15:47:06 - casbin.policy - INFO - p : sub, obj, act : []
2025-03-18 15:47:06 - casbin.policy - INFO - g : _, _ : []
2025-03-18 15:47:06 - casbin.policy - INFO - Role links for: g
2025-03-18 15:47:06 - casbin.role - INFO - 
2025-03-18 15:48:25 - root - INFO - 服务关闭
2025-03-18 15:48:29 - root - INFO - 日志系统已初始化，日志文件路径: /Users/yohoyes/projects/cursor_projects/taizhang/backend.log
2025-03-18 15:48:29 - root - INFO - 服务启动
2025-03-18 15:48:42 - root - INFO - 日志系统已初始化，日志文件路径: /Users/yohoyes/projects/cursor_projects/taizhang/backend.log
2025-03-18 15:48:50 - casbin.policy - INFO - Model:
2025-03-18 15:48:50 - casbin.policy - INFO - r.r: sub, obj, act
2025-03-18 15:48:50 - casbin.policy - INFO - p.p: sub, obj, act
2025-03-18 15:48:50 - casbin.policy - INFO - e.e: some(where (p_eft == allow))
2025-03-18 15:48:50 - casbin.policy - INFO - m.m: g(r_sub, p_sub) && r_obj == p_obj && r_act == p_act
2025-03-18 15:48:50 - casbin.policy - INFO - g.g: _, _
2025-03-18 15:48:50 - casbin.policy - INFO - Policy:
2025-03-18 15:48:50 - casbin.policy - INFO - p : sub, obj, act : [['test_role', 'user', 'create'], ['test_role', 'role', 'read'], ['test_role', 'user', 'read']]
2025-03-18 15:48:50 - casbin.policy - INFO - g : _, _ : [['testuser', 'test_role'], ['testuser', 'test_role_2']]
2025-03-18 15:48:50 - casbin.policy - INFO - Role links for: g
2025-03-18 15:48:50 - casbin.role - INFO - testuser < (test_role_2, test_role)
2025-03-18 15:49:58 - root - INFO - 服务关闭
2025-03-18 15:50:03 - root - INFO - 日志系统已初始化，日志文件路径: /Users/yohoyes/projects/cursor_projects/taizhang/backend.log
2025-03-18 15:50:03 - root - INFO - 服务启动
2025-03-18 15:50:51 - root - INFO - 服务关闭
2025-03-18 15:50:56 - root - INFO - 日志系统已初始化，日志文件路径: /Users/yohoyes/projects/cursor_projects/taizhang/backend.log
2025-03-18 15:50:57 - root - INFO - 服务启动
2025-03-18 15:57:09 - root - INFO - 日志系统已初始化，日志文件路径: /Users/yohoyes/projects/cursor_projects/taizhang/backend.log
2025-03-18 15:57:17 - casbin.policy - INFO - Model:
2025-03-18 15:57:17 - casbin.policy - INFO - r.r: sub, obj, act
2025-03-18 15:57:17 - casbin.policy - INFO - p.p: sub, obj, act
2025-03-18 15:57:17 - casbin.policy - INFO - e.e: some(where (p_eft == allow))
2025-03-18 15:57:17 - casbin.policy - INFO - m.m: g(r_sub, p_sub) && r_obj == p_obj && r_act == p_act
2025-03-18 15:57:17 - casbin.policy - INFO - g.g: _, _
2025-03-18 15:57:17 - casbin.policy - INFO - Policy:
2025-03-18 15:57:17 - casbin.policy - INFO - p : sub, obj, act : [['test_role', 'user', 'create'], ['test_role', 'role', 'read'], ['test_role', 'user', 'read']]
2025-03-18 15:57:17 - casbin.policy - INFO - g : _, _ : [['testuser', 'test_role'], ['testuser', 'test_role_2']]
2025-03-18 15:57:17 - casbin.policy - INFO - Role links for: g
2025-03-18 15:57:17 - casbin.role - INFO - testuser < (test_role_2, test_role)
2025-03-18 15:57:36 - root - INFO - 服务关闭
2025-03-18 15:57:40 - root - INFO - 日志系统已初始化，日志文件路径: /Users/yohoyes/projects/cursor_projects/taizhang/backend.log
2025-03-18 15:57:40 - root - INFO - 服务启动
2025-03-18 15:59:34 - root - INFO - 日志系统已初始化，日志文件路径: /Users/yohoyes/projects/cursor_projects/taizhang/backend.log
2025-03-18 15:59:34 - casbin.policy - INFO - Model:
2025-03-18 15:59:34 - casbin.policy - INFO - r.r: sub, obj, act
2025-03-18 15:59:34 - casbin.policy - INFO - p.p: sub, obj, act
2025-03-18 15:59:34 - casbin.policy - INFO - e.e: some(where (p_eft == allow))
2025-03-18 15:59:34 - casbin.policy - INFO - m.m: g(r_sub, p_sub) && r_obj == p_obj && r_act == p_act
2025-03-18 15:59:34 - casbin.policy - INFO - g.g: _, _
2025-03-18 15:59:34 - casbin.policy - INFO - Policy:
2025-03-18 15:59:34 - casbin.policy - INFO - p : sub, obj, act : [['test_role', 'user', 'create'], ['test_role', 'role', 'read'], ['test_role', 'user', 'read']]
2025-03-18 15:59:34 - casbin.policy - INFO - g : _, _ : [['testuser', 'test_role'], ['testuser', 'test_role_2']]
2025-03-18 15:59:34 - casbin.policy - INFO - Role links for: g
2025-03-18 15:59:34 - casbin.role - INFO - testuser < (test_role_2, test_role)
2025-03-18 15:59:59 - root - INFO - 服务关闭
2025-03-18 16:00:04 - root - INFO - 日志系统已初始化，日志文件路径: /Users/yohoyes/projects/cursor_projects/taizhang/backend.log
2025-03-18 16:00:04 - root - INFO - 服务启动
2025-03-18 16:00:18 - root - INFO - 日志系统已初始化，日志文件路径: /Users/yohoyes/projects/cursor_projects/taizhang/backend.log
2025-03-18 16:00:18 - casbin.policy - INFO - Model:
2025-03-18 16:00:18 - casbin.policy - INFO - r.r: sub, obj, act
2025-03-18 16:00:18 - casbin.policy - INFO - p.p: sub, obj, act
2025-03-18 16:00:18 - casbin.policy - INFO - e.e: some(where (p_eft == allow))
2025-03-18 16:00:18 - casbin.policy - INFO - m.m: g(r_sub, p_sub) && r_obj == p_obj && r_act == p_act
2025-03-18 16:00:18 - casbin.policy - INFO - g.g: _, _
2025-03-18 16:00:18 - casbin.policy - INFO - Policy:
2025-03-18 16:00:18 - casbin.policy - INFO - p : sub, obj, act : [['test_role', 'user', 'create'], ['test_role', 'role', 'read'], ['test_role', 'user', 'read']]
2025-03-18 16:00:18 - casbin.policy - INFO - g : _, _ : [['testuser', 'test_role'], ['testuser', 'test_role_2']]
2025-03-18 16:00:18 - casbin.policy - INFO - Role links for: g
2025-03-18 16:00:18 - casbin.role - INFO - testuser < (test_role, test_role_2)
2025-03-18 16:00:33 - root - INFO - 日志系统已初始化，日志文件路径: /Users/yohoyes/projects/cursor_projects/taizhang/backend.log
2025-03-18 16:00:41 - casbin.policy - INFO - Model:
2025-03-18 16:00:41 - casbin.policy - INFO - r.r: sub, obj, act
2025-03-18 16:00:41 - casbin.policy - INFO - p.p: sub, obj, act
2025-03-18 16:00:41 - casbin.policy - INFO - e.e: some(where (p_eft == allow))
2025-03-18 16:00:41 - casbin.policy - INFO - m.m: g(r_sub, p_sub) && r_obj == p_obj && r_act == p_act
2025-03-18 16:00:41 - casbin.policy - INFO - g.g: _, _
2025-03-18 16:00:41 - casbin.policy - INFO - Policy:
2025-03-18 16:00:41 - casbin.policy - INFO - p : sub, obj, act : [['test_role', 'user', 'create'], ['test_role', 'role', 'read'], ['test_role', 'user', 'read']]
2025-03-18 16:00:41 - casbin.policy - INFO - g : _, _ : [['testuser', 'test_role'], ['testuser', 'test_role_2']]
2025-03-18 16:00:41 - casbin.policy - INFO - Role links for: g
2025-03-18 16:00:41 - casbin.role - INFO - testuser < (test_role_2, test_role)
2025-03-18 16:02:36 - root - INFO - 服务关闭
2025-03-18 16:02:41 - root - INFO - 日志系统已初始化，日志文件路径: /Users/yohoyes/projects/cursor_projects/taizhang/backend.log
2025-03-18 16:02:41 - root - INFO - 服务启动
2025-03-18 16:02:48 - root - INFO - 日志系统已初始化，日志文件路径: /Users/yohoyes/projects/cursor_projects/taizhang/backend.log
2025-03-18 16:04:30 - root - INFO - 服务关闭
2025-03-18 16:04:34 - root - INFO - 日志系统已初始化，日志文件路径: /Users/yohoyes/projects/cursor_projects/taizhang/backend.log
2025-03-18 16:04:35 - root - INFO - 服务启动
2025-03-18 16:04:42 - root - INFO - 日志系统已初始化，日志文件路径: /Users/yohoyes/projects/cursor_projects/taizhang/backend.log
2025-03-18 16:06:31 - root - INFO - 服务关闭
2025-03-18 16:06:36 - root - INFO - 日志系统已初始化，日志文件路径: /Users/yohoyes/projects/cursor_projects/taizhang/backend.log
2025-03-18 16:06:36 - root - INFO - 服务启动
2025-03-18 16:06:46 - root - INFO - 服务关闭
2025-03-18 16:06:51 - root - INFO - 日志系统已初始化，日志文件路径: /Users/yohoyes/projects/cursor_projects/taizhang/backend.log
2025-03-18 16:06:52 - root - INFO - 服务启动
2025-03-18 16:07:45 - root - INFO - 日志系统已初始化，日志文件路径: /Users/yohoyes/projects/cursor_projects/taizhang/backend.log
2025-03-18 16:08:36 - root - INFO - 日志系统已初始化，日志文件路径: /Users/yohoyes/projects/cursor_projects/taizhang/backend.log
2025-03-18 16:08:44 - casbin.policy - INFO - Model:
2025-03-18 16:08:44 - casbin.policy - INFO - r.r: sub, obj, act
2025-03-18 16:08:44 - casbin.policy - INFO - p.p: sub, obj, act
2025-03-18 16:08:44 - casbin.policy - INFO - e.e: some(where (p_eft == allow))
2025-03-18 16:08:44 - casbin.policy - INFO - m.m: g(r_sub, p_sub) && r_obj == p_obj && r_act == p_act
2025-03-18 16:08:44 - casbin.policy - INFO - g.g: _, _
2025-03-18 16:08:44 - casbin.policy - INFO - Policy:
2025-03-18 16:08:44 - casbin.policy - INFO - p : sub, obj, act : [['test_role', 'user', 'create'], ['test_role', 'role', 'read'], ['test_role', 'user', 'read']]
2025-03-18 16:08:44 - casbin.policy - INFO - g : _, _ : [['testuser', 'test_role'], ['testuser', 'test_role_2']]
2025-03-18 16:08:44 - casbin.policy - INFO - Role links for: g
2025-03-18 16:08:44 - casbin.role - INFO - testuser < (test_role, test_role_2)
2025-03-18 16:09:47 - root - INFO - 服务关闭
2025-03-18 16:09:52 - root - INFO - 日志系统已初始化，日志文件路径: /Users/yohoyes/projects/cursor_projects/taizhang/backend.log
2025-03-18 16:09:53 - root - INFO - 服务启动
2025-03-18 16:09:57 - root - INFO - 日志系统已初始化，日志文件路径: /Users/yohoyes/projects/cursor_projects/taizhang/backend.log
2025-03-18 16:09:58 - root - INFO - 服务启动
2025-03-18 16:10:23 - root - INFO - 服务关闭
2025-03-18 16:10:28 - root - INFO - 日志系统已初始化，日志文件路径: /Users/yohoyes/projects/cursor_projects/taizhang/backend.log
2025-03-18 16:10:28 - root - INFO - 服务启动
2025-03-18 16:10:36 - root - INFO - 服务关闭
2025-03-18 16:10:42 - root - INFO - 日志系统已初始化，日志文件路径: /Users/yohoyes/projects/cursor_projects/taizhang/backend.log
2025-03-18 16:10:43 - root - INFO - 服务启动
2025-03-18 16:10:43 - root - INFO - 服务关闭
2025-03-18 16:10:48 - root - INFO - 日志系统已初始化，日志文件路径: /Users/yohoyes/projects/cursor_projects/taizhang/backend.log
2025-03-18 16:10:48 - root - INFO - 服务启动
2025-03-18 16:12:15 - root - INFO - 日志系统已初始化，日志文件路径: /Users/yohoyes/projects/cursor_projects/taizhang/backend.log
2025-03-18 16:12:23 - casbin.policy - INFO - Model:
2025-03-18 16:12:23 - casbin.policy - INFO - r.r: sub, obj, act
2025-03-18 16:12:23 - casbin.policy - INFO - p.p: sub, obj, act
2025-03-18 16:12:23 - casbin.policy - INFO - e.e: some(where (p_eft == allow))
2025-03-18 16:12:23 - casbin.policy - INFO - m.m: g(r_sub, p_sub) && r_obj == p_obj && r_act == p_act
2025-03-18 16:12:23 - casbin.policy - INFO - g.g: _, _
2025-03-18 16:12:23 - casbin.policy - INFO - Policy:
2025-03-18 16:12:23 - casbin.policy - INFO - p : sub, obj, act : [['test_role', 'user', 'create'], ['test_role', 'role', 'read'], ['test_role', 'user', 'read']]
2025-03-18 16:12:23 - casbin.policy - INFO - g : _, _ : [['testuser', 'test_role'], ['testuser', 'test_role_2']]
2025-03-18 16:12:23 - casbin.policy - INFO - Role links for: g
2025-03-18 16:12:23 - casbin.role - INFO - testuser < (test_role_2, test_role)
2025-03-18 16:13:07 - root - INFO - 服务关闭
2025-03-18 16:13:12 - root - INFO - 日志系统已初始化，日志文件路径: /Users/yohoyes/projects/cursor_projects/taizhang/backend.log
2025-03-18 16:13:13 - root - INFO - 服务启动
2025-03-18 16:13:16 - root - INFO - 日志系统已初始化，日志文件路径: /Users/yohoyes/projects/cursor_projects/taizhang/backend.log
2025-03-18 16:13:16 - root - INFO - 服务启动
2025-03-18 16:26:46 - root - INFO - 服务关闭
2025-03-18 16:26:52 - root - INFO - 日志系统已初始化，日志文件路径: /Users/yohoyes/projects/cursor_projects/taizhang/backend.log
2025-03-18 16:26:52 - root - INFO - 服务启动
2025-03-18 16:27:01 - root - INFO - 日志系统已初始化，日志文件路径: /Users/yohoyes/projects/cursor_projects/taizhang/backend.log
2025-03-18 16:27:19 - root - INFO - 日志系统已初始化，日志文件路径: /Users/yohoyes/projects/cursor_projects/taizhang/backend.log
2025-03-18 16:27:27 - casbin.policy - INFO - Model:
2025-03-18 16:27:27 - casbin.policy - INFO - r.r: sub, obj, act
2025-03-18 16:27:27 - casbin.policy - INFO - p.p: sub, obj, act
2025-03-18 16:27:27 - casbin.policy - INFO - e.e: some(where (p_eft == allow))
2025-03-18 16:27:27 - casbin.policy - INFO - m.m: g(r_sub, p_sub) && r_obj == p_obj && r_act == p_act
2025-03-18 16:27:27 - casbin.policy - INFO - g.g: _, _
2025-03-18 16:27:27 - casbin.policy - INFO - Policy:
2025-03-18 16:27:27 - casbin.policy - INFO - p : sub, obj, act : [['test_role', 'user', 'create'], ['test_role', 'role', 'read'], ['test_role', 'user', 'read']]
2025-03-18 16:27:27 - casbin.policy - INFO - g : _, _ : [['testuser', 'test_role'], ['testuser', 'test_role_2']]
2025-03-18 16:27:27 - casbin.policy - INFO - Role links for: g
2025-03-18 16:27:27 - casbin.role - INFO - testuser < (test_role, test_role_2)
2025-03-18 16:28:05 - root - INFO - 服务关闭
2025-03-18 16:28:11 - root - INFO - 日志系统已初始化，日志文件路径: /Users/yohoyes/projects/cursor_projects/taizhang/backend.log
2025-03-18 16:28:11 - root - INFO - 服务启动
2025-03-18 16:28:27 - root - INFO - 服务关闭
2025-03-18 16:28:33 - root - INFO - 日志系统已初始化，日志文件路径: /Users/yohoyes/projects/cursor_projects/taizhang/backend.log
2025-03-18 16:28:33 - root - INFO - 服务启动
2025-03-18 16:28:39 - root - INFO - 日志系统已初始化，日志文件路径: /Users/yohoyes/projects/cursor_projects/taizhang/backend.log
2025-03-18 16:29:11 - root - INFO - 服务关闭
2025-03-18 16:29:17 - root - INFO - 日志系统已初始化，日志文件路径: /Users/yohoyes/projects/cursor_projects/taizhang/backend.log
2025-03-18 16:29:17 - root - INFO - 服务启动
2025-03-18 16:29:59 - root - INFO - 服务关闭
2025-03-18 16:30:03 - root - INFO - 日志系统已初始化，日志文件路径: /Users/yohoyes/projects/cursor_projects/taizhang/backend.log
2025-03-18 16:30:04 - root - INFO - 服务启动
2025-03-18 16:31:07 - root - INFO - 日志系统已初始化，日志文件路径: /Users/yohoyes/projects/cursor_projects/taizhang/backend.log
2025-03-18 16:31:17 - casbin.policy - INFO - Model:
2025-03-18 16:31:17 - casbin.policy - INFO - r.r: sub, obj, act
2025-03-18 16:31:17 - casbin.policy - INFO - p.p: sub, obj, act
2025-03-18 16:31:17 - casbin.policy - INFO - e.e: some(where (p_eft == allow))
2025-03-18 16:31:17 - casbin.policy - INFO - m.m: g(r_sub, p_sub) && r_obj == p_obj && r_act == p_act
2025-03-18 16:31:17 - casbin.policy - INFO - g.g: _, _
2025-03-18 16:31:17 - casbin.policy - INFO - Policy:
2025-03-18 16:31:17 - casbin.policy - INFO - p : sub, obj, act : [['test_role', 'user', 'create'], ['test_role', 'role', 'read'], ['test_role', 'user', 'read']]
2025-03-18 16:31:17 - casbin.policy - INFO - g : _, _ : [['testuser', 'test_role'], ['testuser', 'test_role_2']]
2025-03-18 16:31:17 - casbin.policy - INFO - Role links for: g
2025-03-18 16:31:17 - casbin.role - INFO - testuser < (test_role, test_role_2)
2025-03-18 16:39:24 - root - INFO - 服务关闭
2025-03-18 16:39:30 - root - INFO - 日志系统已初始化，日志文件路径: /Users/yohoyes/projects/cursor_projects/taizhang/backend.log
2025-03-18 16:39:30 - root - INFO - 服务启动
2025-03-18 16:39:31 - root - INFO - 服务关闭
2025-03-18 16:39:36 - root - INFO - 日志系统已初始化，日志文件路径: /Users/yohoyes/projects/cursor_projects/taizhang/backend.log
2025-03-18 16:39:36 - root - INFO - 服务启动
2025-03-18 16:55:48 - root - INFO - 服务关闭
2025-03-18 16:55:56 - root - INFO - 日志系统已初始化，日志文件路径: /Users/yohoyes/projects/cursor_projects/taizhang/backend.log
2025-03-18 16:55:57 - root - INFO - 服务启动
2025-03-18 16:56:00 - root - INFO - 日志系统已初始化，日志文件路径: /Users/yohoyes/projects/cursor_projects/taizhang/backend.log
2025-03-18 16:56:00 - root - INFO - 服务启动
2025-03-18 16:56:17 - root - INFO - 服务关闭
2025-03-18 16:56:22 - root - INFO - 日志系统已初始化，日志文件路径: /Users/yohoyes/projects/cursor_projects/taizhang/backend.log
2025-03-18 16:56:23 - root - INFO - 服务启动
2025-03-18 16:56:27 - root - INFO - 日志系统已初始化，日志文件路径: /Users/yohoyes/projects/cursor_projects/taizhang/backend.log
2025-03-18 16:56:27 - root - INFO - 服务启动
2025-03-18 16:58:03 - root - INFO - 服务关闭
2025-03-18 16:58:07 - root - INFO - 日志系统已初始化，日志文件路径: /Users/yohoyes/projects/cursor_projects/taizhang/backend.log
2025-03-18 16:58:07 - root - INFO - 服务启动
2025-03-18 16:58:58 - root - INFO - 服务关闭
2025-03-18 16:59:02 - root - INFO - 日志系统已初始化，日志文件路径: /Users/yohoyes/projects/cursor_projects/taizhang/backend.log
2025-03-18 16:59:02 - root - INFO - 服务启动
2025-03-18 16:59:38 - root - INFO - 服务关闭
2025-03-18 16:59:42 - root - INFO - 日志系统已初始化，日志文件路径: /Users/yohoyes/projects/cursor_projects/taizhang/backend.log
2025-03-18 16:59:43 - root - INFO - 服务启动
2025-03-18 17:00:00 - root - INFO - 服务关闭
2025-03-18 17:00:03 - root - INFO - 日志系统已初始化，日志文件路径: /Users/yohoyes/projects/cursor_projects/taizhang/backend.log
2025-03-18 17:00:05 - root - INFO - 日志系统已初始化，日志文件路径: /Users/yohoyes/projects/cursor_projects/taizhang/backend.log
2025-03-18 17:00:05 - root - INFO - 服务启动
2025-03-18 17:00:11 - casbin.policy - INFO - Model:
2025-03-18 17:00:11 - casbin.policy - INFO - r.r: sub, obj, act
2025-03-18 17:00:11 - casbin.policy - INFO - p.p: sub, obj, act
2025-03-18 17:00:11 - casbin.policy - INFO - e.e: some(where (p_eft == allow))
2025-03-18 17:00:11 - casbin.policy - INFO - m.m: g(r_sub, p_sub) && r_obj == p_obj && r_act == p_act
2025-03-18 17:00:11 - casbin.policy - INFO - g.g: _, _
2025-03-18 17:00:11 - casbin.policy - INFO - Policy:
2025-03-18 17:00:11 - casbin.policy - INFO - p : sub, obj, act : [['test_role', 'user', 'create'], ['test_role', 'role', 'read'], ['test_role', 'user', 'read']]
2025-03-18 17:00:11 - casbin.policy - INFO - g : _, _ : [['testuser', 'test_role'], ['testuser', 'test_role_2']]
2025-03-18 17:00:11 - casbin.policy - INFO - Role links for: g
2025-03-18 17:00:11 - casbin.role - INFO - testuser < (test_role_2, test_role)
2025-03-18 17:00:40 - root - INFO - 服务关闭
2025-03-18 17:00:45 - root - INFO - 日志系统已初始化，日志文件路径: /Users/yohoyes/projects/cursor_projects/taizhang/backend.log
2025-03-18 17:00:45 - root - INFO - 服务启动
2025-03-18 17:00:49 - root - INFO - 日志系统已初始化，日志文件路径: /Users/yohoyes/projects/cursor_projects/taizhang/backend.log
2025-03-18 17:00:49 - root - INFO - 服务启动
2025-03-18 17:01:07 - root - INFO - 服务关闭
2025-03-18 17:01:11 - root - INFO - 日志系统已初始化，日志文件路径: /Users/yohoyes/projects/cursor_projects/taizhang/backend.log
2025-03-18 17:01:11 - root - INFO - 服务启动
2025-03-18 17:02:30 - root - INFO - 服务关闭
2025-03-18 17:02:35 - root - INFO - 日志系统已初始化，日志文件路径: /Users/yohoyes/projects/cursor_projects/taizhang/backend.log
2025-03-18 17:02:35 - root - INFO - 服务启动
2025-03-18 17:04:54 - root - INFO - 服务关闭
2025-03-18 17:04:58 - root - INFO - 日志系统已初始化，日志文件路径: /Users/yohoyes/projects/cursor_projects/taizhang/backend.log
2025-03-18 17:04:59 - root - INFO - 服务启动
2025-03-18 17:04:59 - root - INFO - 服务关闭
2025-03-18 17:05:03 - root - INFO - 日志系统已初始化，日志文件路径: /Users/yohoyes/projects/cursor_projects/taizhang/backend.log
2025-03-18 17:05:03 - root - INFO - 服务启动
2025-03-18 17:05:11 - root - INFO - 服务关闭
2025-03-18 17:05:14 - root - INFO - 日志系统已初始化，日志文件路径: /Users/yohoyes/projects/cursor_projects/taizhang/backend.log
2025-03-18 17:05:15 - root - INFO - 服务启动
2025-03-18 17:05:38 - root - INFO - 服务关闭
2025-03-18 17:09:16 - root - INFO - 日志系统已初始化，日志文件路径: /Users/yohoyes/projects/cursor_projects/taizhang/backend.log
2025-03-18 17:09:24 - casbin.policy - INFO - Model:
2025-03-18 17:09:24 - casbin.policy - INFO - r.r: sub, obj, act
2025-03-18 17:09:24 - casbin.policy - INFO - p.p: sub, obj, act
2025-03-18 17:09:24 - casbin.policy - INFO - e.e: some(where (p_eft == allow))
2025-03-18 17:09:24 - casbin.policy - INFO - m.m: g(r_sub, p_sub) && r_obj == p_obj && r_act == p_act
2025-03-18 17:09:24 - casbin.policy - INFO - g.g: _, _
2025-03-18 17:09:24 - casbin.policy - INFO - Policy:
2025-03-18 17:09:24 - casbin.policy - INFO - p : sub, obj, act : [['test_role', 'user', 'create'], ['test_role', 'role', 'read'], ['test_role', 'user', 'read']]
2025-03-18 17:09:24 - casbin.policy - INFO - g : _, _ : [['testuser', 'test_role'], ['testuser', 'test_role_2']]
2025-03-18 17:09:24 - casbin.policy - INFO - Role links for: g
2025-03-18 17:09:24 - casbin.role - INFO - testuser < (test_role, test_role_2)
