2025-03-14 17:28:53 - root - INFO - 日志系统已初始化，日志文件路径: /Users/yohoyes/projects/cursor_projects/taizhang/backend/backend.log
2025-03-14 17:28:53 - root - INFO - 正在从根目录启动服务器...
2025-03-14 17:34:46 - root - INFO - 日志系统已初始化，日志文件路径: /Users/yohoyes/projects/cursor_projects/taizhang/backend/backend.log
2025-03-14 17:34:46 - root - INFO - 正在从根目录启动服务器...
2025-03-14 17:34:54 - root - INFO - 日志系统已初始化，日志文件路径: /Users/yohoyes/projects/cursor_projects/taizhang/backend/backend.log
2025-03-14 17:34:54 - root - INFO - 正在从根目录启动服务器...
2025-03-17 08:59:35 - root - INFO - 日志系统已初始化，日志文件路径: /Users/yohoyes/projects/cursor_projects/taizhang/backend/backend.log
2025-03-17 08:59:35 - root - INFO - 正在从根目录启动服务器...
2025-03-17 09:03:34 - root - INFO - 日志系统已初始化，日志文件路径: /Users/yohoyes/projects/cursor_projects/taizhang/backend/backend.log
2025-03-17 09:03:34 - root - INFO - 正在从根目录启动服务器...
2025-03-17 09:04:23 - root - INFO - 日志系统已初始化，日志文件路径: /Users/yohoyes/projects/cursor_projects/taizhang/backend/backend.log
2025-03-17 09:04:23 - root - INFO - 正在从根目录启动服务器...
2025-03-17 09:07:03 - root - INFO - 日志系统已初始化，日志文件路径: /Users/yohoyes/projects/cursor_projects/taizhang/backend/backend.log
2025-03-17 09:07:03 - root - INFO - 正在从根目录启动服务器...
2025-03-18 10:41:23 - root - INFO - 日志系统已初始化，日志文件路径: /Users/yohoyes/projects/cursor_projects/taizhang/backend/backend.log
2025-03-18 10:41:23 - root - INFO - 正在从根目录启动服务器...
2025-03-18 12:51:36 - root - INFO - 日志系统已初始化，日志文件路径: /Users/yohoyes/projects/cursor_projects/taizhang/backend/backend.log
2025-03-18 12:51:36 - root - INFO - 正在从根目录启动服务器...
2025-03-18 14:44:36 - root - INFO - 日志系统已初始化，日志文件路径: /Users/yohoyes/projects/cursor_projects/taizhang/backend/backend.log
2025-03-18 14:44:36 - root - INFO - 正在从根目录启动服务器...
2025-03-18 14:50:20 - root - INFO - 日志系统已初始化，日志文件路径: /Users/yohoyes/projects/cursor_projects/taizhang/backend/backend.log
2025-03-18 14:50:20 - root - INFO - 正在从根目录启动服务器...
2025-03-18 14:50:21 - watchfiles.main - INFO - 3 changes detected
2025-03-18 14:50:51 - watchfiles.main - INFO - 1 change detected
2025-03-18 14:51:07 - watchfiles.main - INFO - 1 change detected
2025-03-18 14:51:35 - watchfiles.main - INFO - 1 change detected
2025-03-18 14:51:36 - watchfiles.main - INFO - 1 change detected
2025-03-18 14:51:37 - watchfiles.main - INFO - 3 changes detected
2025-03-18 14:51:44 - watchfiles.main - INFO - 1 change detected
2025-03-18 14:51:45 - watchfiles.main - INFO - 1 change detected
2025-03-18 14:51:47 - watchfiles.main - INFO - 3 changes detected
2025-03-18 14:52:10 - root - INFO - 日志系统已初始化，日志文件路径: /Users/yohoyes/projects/cursor_projects/taizhang/backend/backend.log
2025-03-18 14:52:10 - root - INFO - 正在从根目录启动服务器...
2025-03-18 14:52:11 - watchfiles.main - INFO - 3 changes detected
2025-03-18 14:52:26 - watchfiles.main - INFO - 3 changes detected
2025-03-18 14:52:26 - watchfiles.main - INFO - 3 changes detected
2025-03-18 14:55:41 - watchfiles.main - INFO - 1 change detected
2025-03-18 14:55:43 - watchfiles.main - INFO - 3 changes detected
2025-03-18 14:55:43 - watchfiles.main - INFO - 3 changes detected
2025-03-18 15:05:57 - watchfiles.main - INFO - 1 change detected
2025-03-18 15:06:03 - watchfiles.main - INFO - 1 change detected
2025-03-18 15:06:04 - watchfiles.main - INFO - 1 change detected
2025-03-18 15:06:08 - watchfiles.main - INFO - 1 change detected
2025-03-18 15:06:09 - watchfiles.main - INFO - 1 change detected
2025-03-18 15:06:41 - watchfiles.main - INFO - 1 change detected
2025-03-18 15:06:41 - watchfiles.main - INFO - 1 change detected
2025-03-18 15:06:45 - watchfiles.main - INFO - 1 change detected
2025-03-18 15:06:45 - watchfiles.main - INFO - 1 change detected
2025-03-18 15:07:21 - watchfiles.main - INFO - 1 change detected
2025-03-18 15:07:22 - watchfiles.main - INFO - 1 change detected
2025-03-18 15:07:25 - watchfiles.main - INFO - 1 change detected
2025-03-18 15:07:26 - watchfiles.main - INFO - 1 change detected
2025-03-18 15:07:46 - watchfiles.main - INFO - 1 change detected
2025-03-18 15:07:47 - watchfiles.main - INFO - 1 change detected
2025-03-18 15:07:52 - watchfiles.main - INFO - 1 change detected
2025-03-18 15:07:52 - watchfiles.main - INFO - 1 change detected
2025-03-18 15:08:18 - watchfiles.main - INFO - 1 change detected
2025-03-18 15:08:19 - watchfiles.main - INFO - 1 change detected
2025-03-18 15:08:23 - watchfiles.main - INFO - 1 change detected
2025-03-18 15:08:23 - watchfiles.main - INFO - 1 change detected
2025-03-18 15:08:44 - watchfiles.main - INFO - 1 change detected
2025-03-18 15:08:44 - watchfiles.main - INFO - 1 change detected
2025-03-18 15:08:48 - watchfiles.main - INFO - 1 change detected
2025-03-18 15:08:49 - watchfiles.main - INFO - 1 change detected
2025-03-18 15:09:19 - watchfiles.main - INFO - 1 change detected
2025-03-18 15:09:20 - watchfiles.main - INFO - 1 change detected
2025-03-18 15:09:23 - watchfiles.main - INFO - 1 change detected
2025-03-18 15:09:25 - watchfiles.main - INFO - 1 change detected
2025-03-18 15:10:02 - watchfiles.main - INFO - 1 change detected
2025-03-18 15:10:03 - watchfiles.main - INFO - 1 change detected
2025-03-18 15:10:06 - watchfiles.main - INFO - 1 change detected
2025-03-18 15:10:07 - watchfiles.main - INFO - 1 change detected
2025-03-18 15:11:13 - watchfiles.main - INFO - 1 change detected
2025-03-18 15:11:14 - watchfiles.main - INFO - 1 change detected
2025-03-18 15:11:18 - watchfiles.main - INFO - 1 change detected
2025-03-18 15:11:18 - watchfiles.main - INFO - 1 change detected
2025-03-18 15:11:39 - watchfiles.main - INFO - 1 change detected
2025-03-18 15:11:39 - watchfiles.main - INFO - 1 change detected
2025-03-18 15:12:04 - watchfiles.main - INFO - 1 change detected
2025-03-18 15:12:04 - watchfiles.main - INFO - 1 change detected
2025-03-18 15:12:52 - watchfiles.main - INFO - 1 change detected
2025-03-18 15:12:53 - watchfiles.main - INFO - 1 change detected
2025-03-18 15:13:21 - watchfiles.main - INFO - 1 change detected
2025-03-18 15:13:22 - watchfiles.main - INFO - 2 changes detected
2025-03-18 15:13:23 - watchfiles.main - INFO - 1 change detected
2025-03-18 15:13:26 - watchfiles.main - INFO - 1 change detected
2025-03-18 15:13:54 - watchfiles.main - INFO - 1 change detected
2025-03-18 15:13:55 - watchfiles.main - INFO - 1 change detected
2025-03-18 15:14:06 - watchfiles.main - INFO - 1 change detected
2025-03-18 15:14:07 - watchfiles.main - INFO - 1 change detected
2025-03-18 15:14:50 - watchfiles.main - INFO - 1 change detected
2025-03-18 15:14:50 - watchfiles.main - INFO - 1 change detected
2025-03-18 15:14:55 - watchfiles.main - INFO - 1 change detected
2025-03-18 15:15:26 - watchfiles.main - INFO - 2 changes detected
2025-03-18 15:15:48 - watchfiles.main - INFO - 1 change detected
2025-03-18 15:15:51 - watchfiles.main - INFO - 1 change detected
2025-03-18 15:16:18 - watchfiles.main - INFO - 1 change detected
2025-03-18 15:16:40 - watchfiles.main - INFO - 7 changes detected
2025-03-18 15:16:41 - watchfiles.main - INFO - 3 changes detected
2025-03-18 15:16:41 - watchfiles.main - INFO - 3 changes detected
2025-03-18 15:16:41 - watchfiles.main - INFO - 9 changes detected
2025-03-18 15:17:19 - watchfiles.main - INFO - 10 changes detected
2025-03-18 15:17:20 - watchfiles.main - INFO - 1 change detected
2025-03-18 15:17:50 - watchfiles.main - INFO - 6 changes detected
2025-03-18 15:17:51 - watchfiles.main - INFO - 3 changes detected
2025-03-18 15:17:51 - watchfiles.main - INFO - 3 changes detected
2025-03-18 15:17:51 - watchfiles.main - INFO - 3 changes detected
2025-03-18 15:17:52 - watchfiles.main - INFO - 3 changes detected
2025-03-18 15:17:52 - watchfiles.main - INFO - 3 changes detected
2025-03-18 15:17:53 - watchfiles.main - INFO - 6 changes detected
2025-03-18 15:19:03 - watchfiles.main - INFO - 3 changes detected
2025-03-18 15:19:04 - watchfiles.main - INFO - 3 changes detected
2025-03-18 15:19:04 - watchfiles.main - INFO - 3 changes detected
2025-03-18 15:19:04 - watchfiles.main - INFO - 3 changes detected
2025-03-18 15:19:05 - watchfiles.main - INFO - 3 changes detected
2025-03-18 15:19:05 - watchfiles.main - INFO - 4 changes detected
2025-03-18 15:19:23 - watchfiles.main - INFO - 24 changes detected
2025-03-18 15:19:23 - watchfiles.main - INFO - 3 changes detected
2025-03-18 15:19:24 - watchfiles.main - INFO - 3 changes detected
2025-03-18 15:19:24 - watchfiles.main - INFO - 3 changes detected
2025-03-18 15:19:24 - watchfiles.main - INFO - 3 changes detected
2025-03-18 15:19:25 - watchfiles.main - INFO - 3 changes detected
2025-03-18 15:19:25 - watchfiles.main - INFO - 3 changes detected
2025-03-18 15:19:25 - watchfiles.main - INFO - 3 changes detected
2025-03-18 15:19:26 - watchfiles.main - INFO - 3 changes detected
2025-03-18 15:19:26 - watchfiles.main - INFO - 3 changes detected
2025-03-18 15:19:26 - watchfiles.main - INFO - 3 changes detected
2025-03-18 15:19:27 - watchfiles.main - INFO - 3 changes detected
2025-03-18 15:19:27 - watchfiles.main - INFO - 3 changes detected
2025-03-18 15:19:28 - watchfiles.main - INFO - 3 changes detected
2025-03-18 15:19:28 - watchfiles.main - INFO - 3 changes detected
2025-03-18 15:19:28 - watchfiles.main - INFO - 3 changes detected
2025-03-18 15:19:29 - watchfiles.main - INFO - 3 changes detected
2025-03-18 15:19:29 - watchfiles.main - INFO - 3 changes detected
2025-03-18 15:19:29 - watchfiles.main - INFO - 3 changes detected
2025-03-18 15:19:30 - watchfiles.main - INFO - 3 changes detected
2025-03-18 15:19:30 - watchfiles.main - INFO - 3 changes detected
2025-03-18 15:19:30 - watchfiles.main - INFO - 3 changes detected
2025-03-18 15:19:31 - watchfiles.main - INFO - 3 changes detected
2025-03-18 15:19:31 - watchfiles.main - INFO - 3 changes detected
2025-03-18 15:19:32 - watchfiles.main - INFO - 3 changes detected
2025-03-18 15:19:32 - watchfiles.main - INFO - 3 changes detected
2025-03-18 15:19:32 - watchfiles.main - INFO - 3 changes detected
2025-03-18 15:19:33 - watchfiles.main - INFO - 7 changes detected
2025-03-18 15:21:45 - watchfiles.main - INFO - 3 changes detected
2025-03-18 15:21:46 - watchfiles.main - INFO - 3 changes detected
2025-03-18 15:21:46 - watchfiles.main - INFO - 6 changes detected
2025-03-18 15:24:19 - watchfiles.main - INFO - 3 changes detected
2025-03-18 15:24:19 - watchfiles.main - INFO - 3 changes detected
2025-03-18 15:24:19 - watchfiles.main - INFO - 3 changes detected
2025-03-18 15:24:20 - watchfiles.main - INFO - 3 changes detected
2025-03-18 15:24:20 - watchfiles.main - INFO - 3 changes detected
2025-03-18 15:24:20 - watchfiles.main - INFO - 3 changes detected
2025-03-18 15:24:21 - watchfiles.main - INFO - 3 changes detected
2025-03-18 15:24:21 - watchfiles.main - INFO - 3 changes detected
2025-03-18 15:24:22 - watchfiles.main - INFO - 4 changes detected
2025-03-18 15:24:38 - watchfiles.main - INFO - 1 change detected
2025-03-18 15:24:39 - watchfiles.main - INFO - 1 change detected
2025-03-18 15:25:03 - watchfiles.main - INFO - 1 change detected
2025-03-18 15:25:03 - watchfiles.main - INFO - 1 change detected
2025-03-18 15:25:33 - watchfiles.main - INFO - 6 changes detected
2025-03-18 15:25:33 - watchfiles.main - INFO - 3 changes detected
2025-03-18 15:25:34 - watchfiles.main - INFO - 3 changes detected
2025-03-18 15:25:34 - watchfiles.main - INFO - 3 changes detected
2025-03-18 15:25:35 - watchfiles.main - INFO - 3 changes detected
2025-03-18 15:25:35 - watchfiles.main - INFO - 3 changes detected
2025-03-18 15:25:35 - watchfiles.main - INFO - 3 changes detected
2025-03-18 15:25:36 - watchfiles.main - INFO - 3 changes detected
2025-03-18 15:25:36 - watchfiles.main - INFO - 3 changes detected
2025-03-18 15:26:43 - watchfiles.main - INFO - 1 change detected
2025-03-18 15:26:43 - watchfiles.main - INFO - 1 change detected
2025-03-18 15:26:46 - watchfiles.main - INFO - 3 changes detected
2025-03-18 15:27:03 - watchfiles.main - INFO - 1 change detected
2025-03-18 15:27:04 - watchfiles.main - INFO - 1 change detected
2025-03-18 15:27:29 - watchfiles.main - INFO - 6 changes detected
2025-03-18 15:27:30 - watchfiles.main - INFO - 3 changes detected
2025-03-18 15:27:30 - watchfiles.main - INFO - 3 changes detected
2025-03-18 15:27:31 - watchfiles.main - INFO - 3 changes detected
2025-03-18 15:27:31 - watchfiles.main - INFO - 3 changes detected
2025-03-18 15:27:32 - watchfiles.main - INFO - 3 changes detected
2025-03-18 15:27:32 - watchfiles.main - INFO - 3 changes detected
2025-03-18 15:27:33 - watchfiles.main - INFO - 3 changes detected
2025-03-18 15:27:34 - watchfiles.main - INFO - 3 changes detected
2025-03-18 15:27:34 - watchfiles.main - INFO - 3 changes detected
2025-03-18 15:27:35 - watchfiles.main - INFO - 3 changes detected
2025-03-18 15:27:35 - watchfiles.main - INFO - 3 changes detected
2025-03-18 15:27:35 - watchfiles.main - INFO - 7 changes detected
2025-03-18 15:27:47 - watchfiles.main - INFO - 3 changes detected
2025-03-18 15:27:47 - watchfiles.main - INFO - 3 changes detected
2025-03-18 15:27:48 - watchfiles.main - INFO - 7 changes detected
2025-03-18 15:28:51 - watchfiles.main - INFO - 1 change detected
2025-03-18 15:28:51 - watchfiles.main - INFO - 1 change detected
2025-03-18 15:28:55 - watchfiles.main - INFO - 3 changes detected
2025-03-18 15:29:03 - watchfiles.main - INFO - 3 changes detected
2025-03-18 15:29:03 - watchfiles.main - INFO - 7 changes detected
2025-03-18 15:29:24 - watchfiles.main - INFO - 3 changes detected
2025-03-18 15:29:24 - watchfiles.main - INFO - 3 changes detected
2025-03-18 15:29:25 - watchfiles.main - INFO - 4 changes detected
2025-03-18 15:29:54 - watchfiles.main - INFO - 1 change detected
2025-03-18 15:29:55 - watchfiles.main - INFO - 1 change detected
2025-03-18 15:30:43 - watchfiles.main - INFO - 6 changes detected
2025-03-18 15:30:43 - watchfiles.main - INFO - 3 changes detected
2025-03-18 15:30:44 - watchfiles.main - INFO - 7 changes detected
2025-03-18 15:31:17 - watchfiles.main - INFO - 1 change detected
2025-03-18 15:31:17 - watchfiles.main - INFO - 1 change detected
2025-03-18 15:31:27 - watchfiles.main - INFO - 6 changes detected
2025-03-18 15:31:27 - watchfiles.main - INFO - 3 changes detected
2025-03-18 15:31:28 - watchfiles.main - INFO - 3 changes detected
2025-03-18 15:31:28 - watchfiles.main - INFO - 6 changes detected
2025-03-18 15:31:47 - watchfiles.main - INFO - 1 change detected
2025-03-18 15:31:48 - watchfiles.main - INFO - 1 change detected
2025-03-18 15:31:51 - watchfiles.main - INFO - 3 changes detected
2025-03-18 15:32:02 - watchfiles.main - INFO - 3 changes detected
2025-03-18 15:32:02 - watchfiles.main - INFO - 3 changes detected
2025-03-18 15:32:03 - watchfiles.main - INFO - 7 changes detected
2025-03-18 15:32:29 - watchfiles.main - INFO - 3 changes detected
2025-03-18 15:32:30 - watchfiles.main - INFO - 7 changes detected
2025-03-18 15:33:07 - watchfiles.main - INFO - 1 change detected
2025-03-18 15:33:08 - watchfiles.main - INFO - 1 change detected
2025-03-18 15:33:32 - watchfiles.main - INFO - 1 change detected
2025-03-18 15:33:33 - watchfiles.main - INFO - 1 change detected
2025-03-18 15:33:56 - watchfiles.main - INFO - 1 change detected
2025-03-18 15:33:57 - watchfiles.main - INFO - 1 change detected
2025-03-18 15:34:29 - watchfiles.main - INFO - 6 changes detected
2025-03-18 15:34:29 - watchfiles.main - INFO - 3 changes detected
2025-03-18 15:34:29 - watchfiles.main - INFO - 6 changes detected
2025-03-18 15:35:02 - watchfiles.main - INFO - 1 change detected
2025-03-18 15:35:02 - watchfiles.main - INFO - 1 change detected
2025-03-18 15:35:06 - watchfiles.main - INFO - 3 changes detected
2025-03-18 15:35:37 - watchfiles.main - INFO - 1 change detected
2025-03-18 15:35:37 - watchfiles.main - INFO - 1 change detected
2025-03-18 15:35:59 - watchfiles.main - INFO - 1 change detected
2025-03-18 15:36:00 - watchfiles.main - INFO - 1 change detected
2025-03-18 15:36:25 - watchfiles.main - INFO - 6 changes detected
2025-03-18 15:36:25 - watchfiles.main - INFO - 7 changes detected
2025-03-18 15:36:50 - watchfiles.main - INFO - 1 change detected
2025-03-18 15:36:51 - watchfiles.main - INFO - 1 change detected
2025-03-18 15:37:02 - watchfiles.main - INFO - 6 changes detected
2025-03-18 15:37:02 - watchfiles.main - INFO - 3 changes detected
2025-03-18 15:37:03 - watchfiles.main - INFO - 7 changes detected
2025-03-18 15:37:33 - watchfiles.main - INFO - 3 changes detected
2025-03-18 15:37:34 - watchfiles.main - INFO - 7 changes detected
2025-03-18 15:38:33 - watchfiles.main - INFO - 1 change detected
2025-03-18 15:38:34 - watchfiles.main - INFO - 1 change detected
2025-03-18 15:39:07 - watchfiles.main - INFO - 6 changes detected
2025-03-18 15:39:07 - watchfiles.main - INFO - 7 changes detected
2025-03-18 15:39:34 - watchfiles.main - INFO - 3 changes detected
2025-03-18 15:39:35 - watchfiles.main - INFO - 3 changes detected
2025-03-18 15:39:35 - watchfiles.main - INFO - 3 changes detected
2025-03-18 15:39:35 - watchfiles.main - INFO - 3 changes detected
2025-03-18 15:39:36 - watchfiles.main - INFO - 3 changes detected
2025-03-18 15:39:36 - watchfiles.main - INFO - 3 changes detected
2025-03-18 15:39:36 - watchfiles.main - INFO - 3 changes detected
2025-03-18 15:39:37 - watchfiles.main - INFO - 3 changes detected
2025-03-18 15:39:37 - watchfiles.main - INFO - 3 changes detected
2025-03-18 15:39:38 - watchfiles.main - INFO - 3 changes detected
2025-03-18 15:39:38 - watchfiles.main - INFO - 3 changes detected
2025-03-18 15:39:38 - watchfiles.main - INFO - 3 changes detected
2025-03-18 15:39:39 - watchfiles.main - INFO - 3 changes detected
2025-03-18 15:39:39 - watchfiles.main - INFO - 3 changes detected
2025-03-18 15:39:40 - watchfiles.main - INFO - 3 changes detected
2025-03-18 15:39:41 - watchfiles.main - INFO - 3 changes detected
2025-03-18 15:39:42 - watchfiles.main - INFO - 3 changes detected
2025-03-18 15:39:42 - watchfiles.main - INFO - 3 changes detected
2025-03-18 15:39:42 - watchfiles.main - INFO - 3 changes detected
2025-03-18 15:39:43 - watchfiles.main - INFO - 3 changes detected
2025-03-18 15:39:43 - watchfiles.main - INFO - 3 changes detected
2025-03-18 15:39:43 - watchfiles.main - INFO - 3 changes detected
2025-03-18 15:39:44 - watchfiles.main - INFO - 3 changes detected
2025-03-18 15:39:44 - watchfiles.main - INFO - 3 changes detected
2025-03-18 15:39:45 - watchfiles.main - INFO - 3 changes detected
2025-03-18 15:39:46 - watchfiles.main - INFO - 3 changes detected
2025-03-18 15:39:46 - watchfiles.main - INFO - 3 changes detected
2025-03-18 15:39:47 - watchfiles.main - INFO - 3 changes detected
2025-03-18 15:39:48 - watchfiles.main - INFO - 3 changes detected
2025-03-18 15:39:48 - watchfiles.main - INFO - 3 changes detected
2025-03-18 15:39:48 - watchfiles.main - INFO - 3 changes detected
2025-03-18 15:39:49 - watchfiles.main - INFO - 3 changes detected
2025-03-18 15:39:49 - watchfiles.main - INFO - 7 changes detected
2025-03-18 15:40:03 - watchfiles.main - INFO - 3 changes detected
2025-03-18 15:40:04 - watchfiles.main - INFO - 3 changes detected
2025-03-18 15:40:04 - watchfiles.main - INFO - 3 changes detected
2025-03-18 15:40:05 - watchfiles.main - INFO - 3 changes detected
2025-03-18 15:40:05 - watchfiles.main - INFO - 3 changes detected
2025-03-18 15:40:06 - watchfiles.main - INFO - 3 changes detected
2025-03-18 15:40:06 - watchfiles.main - INFO - 3 changes detected
2025-03-18 15:40:07 - watchfiles.main - INFO - 3 changes detected
2025-03-18 15:40:08 - watchfiles.main - INFO - 3 changes detected
2025-03-18 15:40:08 - watchfiles.main - INFO - 3 changes detected
2025-03-18 15:40:09 - watchfiles.main - INFO - 3 changes detected
2025-03-18 15:40:09 - watchfiles.main - INFO - 3 changes detected
2025-03-18 15:40:09 - watchfiles.main - INFO - 3 changes detected
2025-03-18 15:40:10 - watchfiles.main - INFO - 3 changes detected
2025-03-18 15:40:10 - watchfiles.main - INFO - 3 changes detected
2025-03-18 15:40:10 - watchfiles.main - INFO - 3 changes detected
2025-03-18 15:40:11 - watchfiles.main - INFO - 3 changes detected
2025-03-18 15:40:38 - watchfiles.main - INFO - 3 changes detected
2025-03-18 15:40:38 - watchfiles.main - INFO - 3 changes detected
2025-03-18 15:40:39 - watchfiles.main - INFO - 3 changes detected
2025-03-18 15:40:39 - watchfiles.main - INFO - 3 changes detected
2025-03-18 15:40:40 - watchfiles.main - INFO - 3 changes detected
2025-03-18 15:40:40 - watchfiles.main - INFO - 3 changes detected
2025-03-18 15:40:40 - watchfiles.main - INFO - 3 changes detected
2025-03-18 15:40:41 - watchfiles.main - INFO - 3 changes detected
2025-03-18 15:40:41 - watchfiles.main - INFO - 3 changes detected
2025-03-18 15:40:41 - watchfiles.main - INFO - 3 changes detected
2025-03-18 15:40:42 - watchfiles.main - INFO - 3 changes detected
2025-03-18 15:40:42 - watchfiles.main - INFO - 3 changes detected
2025-03-18 15:40:43 - watchfiles.main - INFO - 3 changes detected
2025-03-18 15:40:43 - watchfiles.main - INFO - 3 changes detected
2025-03-18 15:40:43 - watchfiles.main - INFO - 3 changes detected
2025-03-18 15:40:44 - watchfiles.main - INFO - 3 changes detected
2025-03-18 15:40:44 - watchfiles.main - INFO - 3 changes detected
2025-03-18 15:40:45 - watchfiles.main - INFO - 3 changes detected
2025-03-18 15:40:46 - watchfiles.main - INFO - 3 changes detected
2025-03-18 15:40:46 - watchfiles.main - INFO - 3 changes detected
2025-03-18 15:40:46 - watchfiles.main - INFO - 3 changes detected
2025-03-18 15:40:47 - watchfiles.main - INFO - 3 changes detected
2025-03-18 15:40:47 - watchfiles.main - INFO - 4 changes detected
2025-03-18 15:40:47 - watchfiles.main - INFO - 3 changes detected
2025-03-18 15:40:48 - watchfiles.main - INFO - 3 changes detected
2025-03-18 15:40:48 - watchfiles.main - INFO - 3 changes detected
2025-03-18 15:40:49 - watchfiles.main - INFO - 3 changes detected
2025-03-18 15:40:49 - watchfiles.main - INFO - 3 changes detected
2025-03-18 15:40:50 - watchfiles.main - INFO - 3 changes detected
2025-03-18 15:40:51 - watchfiles.main - INFO - 3 changes detected
2025-03-18 15:40:52 - watchfiles.main - INFO - 3 changes detected
2025-03-18 15:40:52 - watchfiles.main - INFO - 3 changes detected
2025-03-18 15:40:52 - watchfiles.main - INFO - 3 changes detected
2025-03-18 15:40:53 - watchfiles.main - INFO - 3 changes detected
2025-03-18 15:40:53 - watchfiles.main - INFO - 7 changes detected
2025-03-18 15:41:28 - watchfiles.main - INFO - 7 changes detected
2025-03-18 15:41:28 - watchfiles.main - INFO - 1 change detected
2025-03-18 15:41:31 - watchfiles.main - INFO - 6 changes detected
2025-03-18 15:43:29 - watchfiles.main - INFO - 1 change detected
2025-03-18 15:43:30 - watchfiles.main - INFO - 1 change detected
2025-03-18 15:44:19 - watchfiles.main - INFO - 1 change detected
2025-03-18 15:44:19 - watchfiles.main - INFO - 1 change detected
2025-03-18 15:45:34 - watchfiles.main - INFO - 1 change detected
2025-03-18 15:45:34 - watchfiles.main - INFO - 1 change detected
2025-03-18 15:46:43 - watchfiles.main - INFO - 1 change detected
2025-03-18 15:46:44 - watchfiles.main - INFO - 1 change detected
2025-03-18 15:46:57 - watchfiles.main - INFO - 24 changes detected
2025-03-18 15:46:58 - watchfiles.main - INFO - 3 changes detected
2025-03-18 15:46:58 - watchfiles.main - INFO - 3 changes detected
2025-03-18 15:46:59 - watchfiles.main - INFO - 3 changes detected
2025-03-18 15:47:00 - watchfiles.main - INFO - 3 changes detected
2025-03-18 15:47:01 - watchfiles.main - INFO - 3 changes detected
2025-03-18 15:47:02 - watchfiles.main - INFO - 3 changes detected
2025-03-18 15:47:02 - watchfiles.main - INFO - 3 changes detected
2025-03-18 15:47:03 - watchfiles.main - INFO - 3 changes detected
2025-03-18 15:47:04 - watchfiles.main - INFO - 3 changes detected
2025-03-18 15:47:04 - watchfiles.main - INFO - 3 changes detected
2025-03-18 15:47:04 - watchfiles.main - INFO - 3 changes detected
2025-03-18 15:47:05 - watchfiles.main - INFO - 3 changes detected
2025-03-18 15:47:05 - watchfiles.main - INFO - 3 changes detected
2025-03-18 15:47:05 - watchfiles.main - INFO - 3 changes detected
2025-03-18 15:47:06 - watchfiles.main - INFO - 3 changes detected
2025-03-18 15:47:06 - watchfiles.main - INFO - 3 changes detected
2025-03-18 15:47:07 - watchfiles.main - INFO - 3 changes detected
2025-03-18 15:47:07 - watchfiles.main - INFO - 3 changes detected
2025-03-18 15:47:08 - watchfiles.main - INFO - 3 changes detected
2025-03-18 15:47:09 - watchfiles.main - INFO - 3 changes detected
2025-03-18 15:47:09 - watchfiles.main - INFO - 7 changes detected
2025-03-18 15:47:09 - watchfiles.main - INFO - 1 change detected
2025-03-18 15:48:25 - watchfiles.main - INFO - 1 change detected
2025-03-18 15:48:25 - watchfiles.main - INFO - 1 change detected
2025-03-18 15:48:43 - watchfiles.main - INFO - 6 changes detected
2025-03-18 15:48:43 - watchfiles.main - INFO - 3 changes detected
2025-03-18 15:48:44 - watchfiles.main - INFO - 3 changes detected
2025-03-18 15:48:44 - watchfiles.main - INFO - 3 changes detected
2025-03-18 15:48:45 - watchfiles.main - INFO - 3 changes detected
2025-03-18 15:48:45 - watchfiles.main - INFO - 3 changes detected
2025-03-18 15:48:46 - watchfiles.main - INFO - 3 changes detected
2025-03-18 15:48:47 - watchfiles.main - INFO - 3 changes detected
2025-03-18 15:48:47 - watchfiles.main - INFO - 3 changes detected
2025-03-18 15:48:48 - watchfiles.main - INFO - 3 changes detected
2025-03-18 15:48:48 - watchfiles.main - INFO - 3 changes detected
2025-03-18 15:48:49 - watchfiles.main - INFO - 3 changes detected
2025-03-18 15:48:49 - watchfiles.main - INFO - 3 changes detected
2025-03-18 15:48:49 - watchfiles.main - INFO - 3 changes detected
2025-03-18 15:48:50 - watchfiles.main - INFO - 3 changes detected
2025-03-18 15:48:50 - watchfiles.main - INFO - 3 changes detected
2025-03-18 15:48:50 - watchfiles.main - INFO - 3 changes detected
2025-03-18 15:48:51 - watchfiles.main - INFO - 3 changes detected
2025-03-18 15:48:52 - watchfiles.main - INFO - 3 changes detected
2025-03-18 15:48:52 - watchfiles.main - INFO - 3 changes detected
2025-03-18 15:48:53 - watchfiles.main - INFO - 3 changes detected
2025-03-18 15:48:53 - watchfiles.main - INFO - 7 changes detected
2025-03-18 15:48:53 - watchfiles.main - INFO - 1 change detected
2025-03-18 15:49:58 - watchfiles.main - INFO - 1 change detected
2025-03-18 15:49:59 - watchfiles.main - INFO - 1 change detected
2025-03-18 15:50:01 - watchfiles.main - INFO - 3 changes detected
2025-03-18 15:50:51 - watchfiles.main - INFO - 1 change detected
2025-03-18 15:50:51 - watchfiles.main - INFO - 1 change detected
2025-03-18 15:57:10 - watchfiles.main - INFO - 12 changes detected
2025-03-18 15:57:10 - watchfiles.main - INFO - 3 changes detected
2025-03-18 15:57:11 - watchfiles.main - INFO - 3 changes detected
2025-03-18 15:57:11 - watchfiles.main - INFO - 3 changes detected
2025-03-18 15:57:11 - watchfiles.main - INFO - 3 changes detected
2025-03-18 15:57:12 - watchfiles.main - INFO - 3 changes detected
2025-03-18 15:57:12 - watchfiles.main - INFO - 3 changes detected
2025-03-18 15:57:12 - watchfiles.main - INFO - 3 changes detected
2025-03-18 15:57:13 - watchfiles.main - INFO - 3 changes detected
2025-03-18 15:57:13 - watchfiles.main - INFO - 3 changes detected
2025-03-18 15:57:13 - watchfiles.main - INFO - 3 changes detected
2025-03-18 15:57:14 - watchfiles.main - INFO - 3 changes detected
2025-03-18 15:57:14 - watchfiles.main - INFO - 3 changes detected
2025-03-18 15:57:15 - watchfiles.main - INFO - 3 changes detected
2025-03-18 15:57:15 - watchfiles.main - INFO - 3 changes detected
2025-03-18 15:57:15 - watchfiles.main - INFO - 3 changes detected
2025-03-18 15:57:16 - watchfiles.main - INFO - 3 changes detected
2025-03-18 15:57:16 - watchfiles.main - INFO - 3 changes detected
2025-03-18 15:57:16 - watchfiles.main - INFO - 3 changes detected
2025-03-18 15:57:17 - watchfiles.main - INFO - 3 changes detected
2025-03-18 15:57:17 - watchfiles.main - INFO - 3 changes detected
2025-03-18 15:57:17 - watchfiles.main - INFO - 3 changes detected
2025-03-18 15:57:18 - watchfiles.main - INFO - 3 changes detected
2025-03-18 15:57:19 - watchfiles.main - INFO - 3 changes detected
2025-03-18 15:57:19 - watchfiles.main - INFO - 3 changes detected
2025-03-18 15:57:20 - watchfiles.main - INFO - 3 changes detected
2025-03-18 15:57:20 - watchfiles.main - INFO - 3 changes detected
2025-03-18 15:57:21 - watchfiles.main - INFO - 3 changes detected
2025-03-18 15:57:21 - watchfiles.main - INFO - 3 changes detected
2025-03-18 15:57:21 - watchfiles.main - INFO - 3 changes detected
2025-03-18 15:57:22 - watchfiles.main - INFO - 3 changes detected
2025-03-18 15:57:22 - watchfiles.main - INFO - 3 changes detected
2025-03-18 15:57:22 - watchfiles.main - INFO - 3 changes detected
2025-03-18 15:57:23 - watchfiles.main - INFO - 3 changes detected
2025-03-18 15:57:24 - watchfiles.main - INFO - 3 changes detected
2025-03-18 15:57:24 - watchfiles.main - INFO - 3 changes detected
2025-03-18 15:57:25 - watchfiles.main - INFO - 3 changes detected
2025-03-18 15:57:26 - watchfiles.main - INFO - 3 changes detected
2025-03-18 15:57:26 - watchfiles.main - INFO - 3 changes detected
2025-03-18 15:57:26 - watchfiles.main - INFO - 3 changes detected
2025-03-18 15:57:27 - watchfiles.main - INFO - 3 changes detected
2025-03-18 15:57:27 - watchfiles.main - INFO - 7 changes detected
2025-03-18 15:57:28 - watchfiles.main - INFO - 1 change detected
2025-03-18 15:57:35 - watchfiles.main - INFO - 3 changes detected
2025-03-18 15:57:36 - watchfiles.main - INFO - 1 change detected
2025-03-18 15:59:34 - watchfiles.main - INFO - 6 changes detected
2025-03-18 15:59:34 - watchfiles.main - INFO - 3 changes detected
2025-03-18 15:59:35 - watchfiles.main - INFO - 3 changes detected
2025-03-18 15:59:35 - watchfiles.main - INFO - 3 changes detected
2025-03-18 15:59:36 - watchfiles.main - INFO - 3 changes detected
2025-03-18 15:59:37 - watchfiles.main - INFO - 6 changes detected
2025-03-18 15:59:37 - watchfiles.main - INFO - 1 change detected
2025-03-18 15:59:59 - watchfiles.main - INFO - 1 change detected
2025-03-18 16:00:00 - watchfiles.main - INFO - 1 change detected
2025-03-18 16:00:18 - watchfiles.main - INFO - 6 changes detected
2025-03-18 16:00:19 - watchfiles.main - INFO - 3 changes detected
2025-03-18 16:00:19 - watchfiles.main - INFO - 3 changes detected
2025-03-18 16:00:20 - watchfiles.main - INFO - 3 changes detected
2025-03-18 16:00:20 - watchfiles.main - INFO - 3 changes detected
2025-03-18 16:00:21 - watchfiles.main - INFO - 7 changes detected
2025-03-18 16:00:21 - watchfiles.main - INFO - 1 change detected
2025-03-18 16:00:33 - watchfiles.main - INFO - 6 changes detected
2025-03-18 16:00:34 - watchfiles.main - INFO - 3 changes detected
2025-03-18 16:00:34 - watchfiles.main - INFO - 3 changes detected
2025-03-18 16:00:35 - watchfiles.main - INFO - 3 changes detected
2025-03-18 16:00:35 - watchfiles.main - INFO - 3 changes detected
2025-03-18 16:00:36 - watchfiles.main - INFO - 3 changes detected
2025-03-18 16:00:37 - watchfiles.main - INFO - 3 changes detected
2025-03-18 16:00:37 - watchfiles.main - INFO - 3 changes detected
2025-03-18 16:00:38 - watchfiles.main - INFO - 3 changes detected
2025-03-18 16:00:38 - watchfiles.main - INFO - 3 changes detected
2025-03-18 16:00:39 - watchfiles.main - INFO - 3 changes detected
2025-03-18 16:00:39 - watchfiles.main - INFO - 3 changes detected
2025-03-18 16:00:40 - watchfiles.main - INFO - 3 changes detected
2025-03-18 16:00:40 - watchfiles.main - INFO - 3 changes detected
2025-03-18 16:00:40 - watchfiles.main - INFO - 3 changes detected
2025-03-18 16:00:41 - watchfiles.main - INFO - 3 changes detected
2025-03-18 16:00:41 - watchfiles.main - INFO - 3 changes detected
2025-03-18 16:00:42 - watchfiles.main - INFO - 3 changes detected
2025-03-18 16:00:42 - watchfiles.main - INFO - 3 changes detected
2025-03-18 16:00:43 - watchfiles.main - INFO - 3 changes detected
2025-03-18 16:00:43 - watchfiles.main - INFO - 3 changes detected
2025-03-18 16:00:44 - watchfiles.main - INFO - 3 changes detected
2025-03-18 16:00:44 - watchfiles.main - INFO - 3 changes detected
2025-03-18 16:00:45 - watchfiles.main - INFO - 3 changes detected
2025-03-18 16:00:45 - watchfiles.main - INFO - 3 changes detected
2025-03-18 16:00:46 - watchfiles.main - INFO - 3 changes detected
2025-03-18 16:00:46 - watchfiles.main - INFO - 3 changes detected
2025-03-18 16:00:46 - watchfiles.main - INFO - 3 changes detected
2025-03-18 16:00:47 - watchfiles.main - INFO - 3 changes detected
2025-03-18 16:00:47 - watchfiles.main - INFO - 3 changes detected
2025-03-18 16:00:47 - watchfiles.main - INFO - 3 changes detected
2025-03-18 16:00:48 - watchfiles.main - INFO - 3 changes detected
2025-03-18 16:00:48 - watchfiles.main - INFO - 6 changes detected
2025-03-18 16:00:49 - watchfiles.main - INFO - 1 change detected
2025-03-18 16:02:36 - watchfiles.main - INFO - 1 change detected
2025-03-18 16:02:37 - watchfiles.main - INFO - 1 change detected
2025-03-18 16:02:49 - watchfiles.main - INFO - 6 changes detected
2025-03-18 16:02:49 - watchfiles.main - INFO - 3 changes detected
2025-03-18 16:02:50 - watchfiles.main - INFO - 3 changes detected
2025-03-18 16:02:50 - watchfiles.main - INFO - 3 changes detected
2025-03-18 16:02:50 - watchfiles.main - INFO - 3 changes detected
2025-03-18 16:02:51 - watchfiles.main - INFO - 3 changes detected
2025-03-18 16:02:51 - watchfiles.main - INFO - 3 changes detected
2025-03-18 16:02:51 - watchfiles.main - INFO - 3 changes detected
2025-03-18 16:02:52 - watchfiles.main - INFO - 3 changes detected
2025-03-18 16:02:52 - watchfiles.main - INFO - 3 changes detected
2025-03-18 16:02:52 - watchfiles.main - INFO - 3 changes detected
2025-03-18 16:02:53 - watchfiles.main - INFO - 3 changes detected
2025-03-18 16:02:53 - watchfiles.main - INFO - 3 changes detected
2025-03-18 16:02:54 - watchfiles.main - INFO - 3 changes detected
2025-03-18 16:02:54 - watchfiles.main - INFO - 3 changes detected
2025-03-18 16:02:54 - watchfiles.main - INFO - 3 changes detected
2025-03-18 16:02:55 - watchfiles.main - INFO - 3 changes detected
2025-03-18 16:02:55 - watchfiles.main - INFO - 3 changes detected
2025-03-18 16:02:55 - watchfiles.main - INFO - 2 changes detected
2025-03-18 16:02:56 - watchfiles.main - INFO - 1 change detected
2025-03-18 16:04:29 - watchfiles.main - INFO - 1 change detected
2025-03-18 16:04:30 - watchfiles.main - INFO - 1 change detected
2025-03-18 16:04:42 - watchfiles.main - INFO - 6 changes detected
2025-03-18 16:04:42 - watchfiles.main - INFO - 3 changes detected
2025-03-18 16:04:43 - watchfiles.main - INFO - 3 changes detected
2025-03-18 16:04:43 - watchfiles.main - INFO - 3 changes detected
2025-03-18 16:04:43 - watchfiles.main - INFO - 3 changes detected
2025-03-18 16:04:44 - watchfiles.main - INFO - 3 changes detected
2025-03-18 16:04:44 - watchfiles.main - INFO - 3 changes detected
2025-03-18 16:04:45 - watchfiles.main - INFO - 3 changes detected
2025-03-18 16:04:45 - watchfiles.main - INFO - 3 changes detected
2025-03-18 16:04:45 - watchfiles.main - INFO - 3 changes detected
2025-03-18 16:04:46 - watchfiles.main - INFO - 3 changes detected
2025-03-18 16:04:46 - watchfiles.main - INFO - 3 changes detected
2025-03-18 16:04:46 - watchfiles.main - INFO - 3 changes detected
2025-03-18 16:04:47 - watchfiles.main - INFO - 3 changes detected
2025-03-18 16:04:47 - watchfiles.main - INFO - 3 changes detected
2025-03-18 16:04:47 - watchfiles.main - INFO - 3 changes detected
2025-03-18 16:04:48 - watchfiles.main - INFO - 3 changes detected
2025-03-18 16:04:48 - watchfiles.main - INFO - 2 changes detected
2025-03-18 16:04:49 - watchfiles.main - INFO - 1 change detected
2025-03-18 16:06:31 - watchfiles.main - INFO - 1 change detected
2025-03-18 16:06:31 - watchfiles.main - INFO - 1 change detected
2025-03-18 16:06:46 - watchfiles.main - INFO - 1 change detected
2025-03-18 16:06:47 - watchfiles.main - INFO - 1 change detected
2025-03-18 16:07:45 - watchfiles.main - INFO - 6 changes detected
2025-03-18 16:07:46 - watchfiles.main - INFO - 3 changes detected
2025-03-18 16:07:46 - watchfiles.main - INFO - 3 changes detected
2025-03-18 16:07:46 - watchfiles.main - INFO - 3 changes detected
2025-03-18 16:07:47 - watchfiles.main - INFO - 3 changes detected
2025-03-18 16:07:47 - watchfiles.main - INFO - 3 changes detected
2025-03-18 16:07:47 - watchfiles.main - INFO - 3 changes detected
2025-03-18 16:07:48 - watchfiles.main - INFO - 3 changes detected
2025-03-18 16:07:48 - watchfiles.main - INFO - 3 changes detected
2025-03-18 16:07:48 - watchfiles.main - INFO - 3 changes detected
2025-03-18 16:07:49 - watchfiles.main - INFO - 3 changes detected
2025-03-18 16:07:49 - watchfiles.main - INFO - 6 changes detected
2025-03-18 16:08:36 - watchfiles.main - INFO - 3 changes detected
2025-03-18 16:08:37 - watchfiles.main - INFO - 3 changes detected
2025-03-18 16:08:37 - watchfiles.main - INFO - 3 changes detected
2025-03-18 16:08:38 - watchfiles.main - INFO - 3 changes detected
2025-03-18 16:08:39 - watchfiles.main - INFO - 3 changes detected
2025-03-18 16:08:39 - watchfiles.main - INFO - 3 changes detected
2025-03-18 16:08:40 - watchfiles.main - INFO - 3 changes detected
2025-03-18 16:08:40 - watchfiles.main - INFO - 3 changes detected
2025-03-18 16:08:41 - watchfiles.main - INFO - 3 changes detected
2025-03-18 16:08:42 - watchfiles.main - INFO - 3 changes detected
2025-03-18 16:08:42 - watchfiles.main - INFO - 3 changes detected
2025-03-18 16:08:42 - watchfiles.main - INFO - 3 changes detected
2025-03-18 16:08:43 - watchfiles.main - INFO - 3 changes detected
2025-03-18 16:08:43 - watchfiles.main - INFO - 3 changes detected
2025-03-18 16:08:43 - watchfiles.main - INFO - 3 changes detected
2025-03-18 16:08:44 - watchfiles.main - INFO - 3 changes detected
2025-03-18 16:08:44 - watchfiles.main - INFO - 3 changes detected
2025-03-18 16:08:45 - watchfiles.main - INFO - 3 changes detected
2025-03-18 16:08:45 - watchfiles.main - INFO - 3 changes detected
2025-03-18 16:08:46 - watchfiles.main - INFO - 3 changes detected
2025-03-18 16:08:46 - watchfiles.main - INFO - 3 changes detected
2025-03-18 16:08:47 - watchfiles.main - INFO - 6 changes detected
2025-03-18 16:08:47 - watchfiles.main - INFO - 1 change detected
2025-03-18 16:09:47 - watchfiles.main - INFO - 1 change detected
2025-03-18 16:09:47 - watchfiles.main - INFO - 1 change detected
2025-03-18 16:09:52 - watchfiles.main - INFO - 1 change detected
2025-03-18 16:09:53 - watchfiles.main - INFO - 1 change detected
2025-03-18 16:10:23 - watchfiles.main - INFO - 1 change detected
2025-03-18 16:10:23 - watchfiles.main - INFO - 1 change detected
2025-03-18 16:10:26 - watchfiles.main - INFO - 3 changes detected
2025-03-18 16:10:26 - watchfiles.main - INFO - 3 changes detected
2025-03-18 16:10:36 - watchfiles.main - INFO - 1 change detected
2025-03-18 16:10:37 - watchfiles.main - INFO - 1 change detected
2025-03-18 16:10:43 - watchfiles.main - INFO - 1 change detected
2025-03-18 16:10:44 - watchfiles.main - INFO - 1 change detected
2025-03-18 16:12:15 - watchfiles.main - INFO - 6 changes detected
2025-03-18 16:12:16 - watchfiles.main - INFO - 3 changes detected
2025-03-18 16:12:16 - watchfiles.main - INFO - 3 changes detected
2025-03-18 16:12:17 - watchfiles.main - INFO - 3 changes detected
2025-03-18 16:12:17 - watchfiles.main - INFO - 3 changes detected
2025-03-18 16:12:17 - watchfiles.main - INFO - 3 changes detected
2025-03-18 16:12:18 - watchfiles.main - INFO - 3 changes detected
2025-03-18 16:12:18 - watchfiles.main - INFO - 3 changes detected
2025-03-18 16:12:18 - watchfiles.main - INFO - 3 changes detected
2025-03-18 16:12:19 - watchfiles.main - INFO - 3 changes detected
2025-03-18 16:12:19 - watchfiles.main - INFO - 3 changes detected
2025-03-18 16:12:19 - watchfiles.main - INFO - 3 changes detected
2025-03-18 16:12:20 - watchfiles.main - INFO - 3 changes detected
2025-03-18 16:12:20 - watchfiles.main - INFO - 3 changes detected
2025-03-18 16:12:21 - watchfiles.main - INFO - 3 changes detected
2025-03-18 16:12:21 - watchfiles.main - INFO - 3 changes detected
2025-03-18 16:12:21 - watchfiles.main - INFO - 3 changes detected
2025-03-18 16:12:22 - watchfiles.main - INFO - 3 changes detected
2025-03-18 16:12:22 - watchfiles.main - INFO - 3 changes detected
2025-03-18 16:12:22 - watchfiles.main - INFO - 3 changes detected
2025-03-18 16:12:23 - watchfiles.main - INFO - 3 changes detected
2025-03-18 16:12:23 - watchfiles.main - INFO - 3 changes detected
2025-03-18 16:12:24 - watchfiles.main - INFO - 3 changes detected
2025-03-18 16:12:24 - watchfiles.main - INFO - 3 changes detected
2025-03-18 16:12:25 - watchfiles.main - INFO - 3 changes detected
2025-03-18 16:12:26 - watchfiles.main - INFO - 3 changes detected
2025-03-18 16:12:26 - watchfiles.main - INFO - 3 changes detected
2025-03-18 16:12:26 - watchfiles.main - INFO - 3 changes detected
2025-03-18 16:12:27 - watchfiles.main - INFO - 3 changes detected
2025-03-18 16:12:27 - watchfiles.main - INFO - 3 changes detected
2025-03-18 16:12:28 - watchfiles.main - INFO - 3 changes detected
2025-03-18 16:12:28 - watchfiles.main - INFO - 3 changes detected
2025-03-18 16:12:28 - watchfiles.main - INFO - 3 changes detected
2025-03-18 16:12:29 - watchfiles.main - INFO - 3 changes detected
2025-03-18 16:12:29 - watchfiles.main - INFO - 3 changes detected
2025-03-18 16:12:30 - watchfiles.main - INFO - 3 changes detected
2025-03-18 16:12:31 - watchfiles.main - INFO - 3 changes detected
2025-03-18 16:12:31 - watchfiles.main - INFO - 3 changes detected
2025-03-18 16:12:32 - watchfiles.main - INFO - 3 changes detected
2025-03-18 16:12:32 - watchfiles.main - INFO - 3 changes detected
2025-03-18 16:12:33 - watchfiles.main - INFO - 3 changes detected
2025-03-18 16:12:33 - watchfiles.main - INFO - 7 changes detected
2025-03-18 16:12:33 - watchfiles.main - INFO - 1 change detected
2025-03-18 16:13:07 - watchfiles.main - INFO - 1 change detected
2025-03-18 16:13:07 - watchfiles.main - INFO - 2 changes detected
2025-03-18 16:13:09 - watchfiles.main - INFO - 2 changes detected
2025-03-18 16:13:13 - watchfiles.main - INFO - 1 change detected
2025-03-18 16:26:46 - watchfiles.main - INFO - 1 change detected
2025-03-18 16:26:47 - watchfiles.main - INFO - 1 change detected
2025-03-18 16:26:51 - watchfiles.main - INFO - 6 changes detected
2025-03-18 16:27:01 - watchfiles.main - INFO - 3 changes detected
2025-03-18 16:27:02 - watchfiles.main - INFO - 3 changes detected
2025-03-18 16:27:02 - watchfiles.main - INFO - 3 changes detected
2025-03-18 16:27:02 - watchfiles.main - INFO - 3 changes detected
2025-03-18 16:27:03 - watchfiles.main - INFO - 3 changes detected
2025-03-18 16:27:03 - watchfiles.main - INFO - 3 changes detected
2025-03-18 16:27:03 - watchfiles.main - INFO - 3 changes detected
2025-03-18 16:27:04 - watchfiles.main - INFO - 3 changes detected
2025-03-18 16:27:04 - watchfiles.main - INFO - 3 changes detected
2025-03-18 16:27:05 - watchfiles.main - INFO - 3 changes detected
2025-03-18 16:27:05 - watchfiles.main - INFO - 3 changes detected
2025-03-18 16:27:05 - watchfiles.main - INFO - 7 changes detected
2025-03-18 16:27:20 - watchfiles.main - INFO - 6 changes detected
2025-03-18 16:27:20 - watchfiles.main - INFO - 3 changes detected
2025-03-18 16:27:20 - watchfiles.main - INFO - 3 changes detected
2025-03-18 16:27:21 - watchfiles.main - INFO - 3 changes detected
2025-03-18 16:27:21 - watchfiles.main - INFO - 3 changes detected
2025-03-18 16:27:21 - watchfiles.main - INFO - 3 changes detected
2025-03-18 16:27:22 - watchfiles.main - INFO - 3 changes detected
2025-03-18 16:27:22 - watchfiles.main - INFO - 3 changes detected
2025-03-18 16:27:23 - watchfiles.main - INFO - 3 changes detected
2025-03-18 16:27:23 - watchfiles.main - INFO - 3 changes detected
2025-03-18 16:27:23 - watchfiles.main - INFO - 3 changes detected
2025-03-18 16:27:24 - watchfiles.main - INFO - 3 changes detected
2025-03-18 16:27:24 - watchfiles.main - INFO - 3 changes detected
2025-03-18 16:27:24 - watchfiles.main - INFO - 3 changes detected
2025-03-18 16:27:25 - watchfiles.main - INFO - 3 changes detected
2025-03-18 16:27:25 - watchfiles.main - INFO - 3 changes detected
2025-03-18 16:27:25 - watchfiles.main - INFO - 3 changes detected
2025-03-18 16:27:26 - watchfiles.main - INFO - 3 changes detected
2025-03-18 16:27:26 - watchfiles.main - INFO - 3 changes detected
2025-03-18 16:27:26 - watchfiles.main - INFO - 3 changes detected
2025-03-18 16:27:27 - watchfiles.main - INFO - 3 changes detected
2025-03-18 16:27:27 - watchfiles.main - INFO - 3 changes detected
2025-03-18 16:27:28 - watchfiles.main - INFO - 3 changes detected
2025-03-18 16:27:28 - watchfiles.main - INFO - 3 changes detected
2025-03-18 16:27:29 - watchfiles.main - INFO - 3 changes detected
2025-03-18 16:27:29 - watchfiles.main - INFO - 3 changes detected
2025-03-18 16:27:30 - watchfiles.main - INFO - 3 changes detected
2025-03-18 16:27:30 - watchfiles.main - INFO - 3 changes detected
2025-03-18 16:27:31 - watchfiles.main - INFO - 3 changes detected
2025-03-18 16:27:31 - watchfiles.main - INFO - 3 changes detected
2025-03-18 16:27:31 - watchfiles.main - INFO - 3 changes detected
2025-03-18 16:27:32 - watchfiles.main - INFO - 3 changes detected
2025-03-18 16:27:32 - watchfiles.main - INFO - 3 changes detected
2025-03-18 16:27:33 - watchfiles.main - INFO - 3 changes detected
2025-03-18 16:27:33 - watchfiles.main - INFO - 3 changes detected
2025-03-18 16:27:34 - watchfiles.main - INFO - 3 changes detected
2025-03-18 16:27:35 - watchfiles.main - INFO - 3 changes detected
2025-03-18 16:27:35 - watchfiles.main - INFO - 3 changes detected
2025-03-18 16:27:36 - watchfiles.main - INFO - 3 changes detected
2025-03-18 16:27:37 - watchfiles.main - INFO - 3 changes detected
2025-03-18 16:27:37 - watchfiles.main - INFO - 3 changes detected
2025-03-18 16:27:37 - watchfiles.main - INFO - 3 changes detected
2025-03-18 16:27:38 - watchfiles.main - INFO - 6 changes detected
2025-03-18 16:27:38 - watchfiles.main - INFO - 1 change detected
2025-03-18 16:28:05 - watchfiles.main - INFO - 1 change detected
2025-03-18 16:28:06 - watchfiles.main - INFO - 1 change detected
2025-03-18 16:28:10 - watchfiles.main - INFO - 3 changes detected
2025-03-18 16:28:27 - watchfiles.main - INFO - 1 change detected
2025-03-18 16:28:27 - watchfiles.main - INFO - 1 change detected
2025-03-18 16:28:32 - watchfiles.main - INFO - 3 changes detected
2025-03-18 16:28:39 - watchfiles.main - INFO - 3 changes detected
2025-03-18 16:28:39 - watchfiles.main - INFO - 3 changes detected
2025-03-18 16:28:40 - watchfiles.main - INFO - 3 changes detected
2025-03-18 16:28:40 - watchfiles.main - INFO - 3 changes detected
2025-03-18 16:28:41 - watchfiles.main - INFO - 3 changes detected
2025-03-18 16:28:41 - watchfiles.main - INFO - 3 changes detected
2025-03-18 16:28:41 - watchfiles.main - INFO - 3 changes detected
2025-03-18 16:28:42 - watchfiles.main - INFO - 3 changes detected
2025-03-18 16:28:42 - watchfiles.main - INFO - 3 changes detected
2025-03-18 16:28:42 - watchfiles.main - INFO - 3 changes detected
2025-03-18 16:28:43 - watchfiles.main - INFO - 3 changes detected
2025-03-18 16:28:43 - watchfiles.main - INFO - 3 changes detected
2025-03-18 16:28:43 - watchfiles.main - INFO - 3 changes detected
2025-03-18 16:28:44 - watchfiles.main - INFO - 3 changes detected
2025-03-18 16:28:44 - watchfiles.main - INFO - 3 changes detected
2025-03-18 16:28:45 - watchfiles.main - INFO - 3 changes detected
2025-03-18 16:28:45 - watchfiles.main - INFO - 3 changes detected
2025-03-18 16:28:45 - watchfiles.main - INFO - 3 changes detected
2025-03-18 16:28:46 - watchfiles.main - INFO - 2 changes detected
2025-03-18 16:28:46 - watchfiles.main - INFO - 1 change detected
2025-03-18 16:29:11 - watchfiles.main - INFO - 1 change detected
2025-03-18 16:29:11 - watchfiles.main - INFO - 1 change detected
2025-03-18 16:29:16 - watchfiles.main - INFO - 3 changes detected
2025-03-18 16:29:58 - watchfiles.main - INFO - 1 change detected
2025-03-18 16:29:59 - watchfiles.main - INFO - 1 change detected
2025-03-18 16:31:07 - watchfiles.main - INFO - 6 changes detected
2025-03-18 16:31:07 - watchfiles.main - INFO - 3 changes detected
2025-03-18 16:31:08 - watchfiles.main - INFO - 3 changes detected
2025-03-18 16:31:08 - watchfiles.main - INFO - 3 changes detected
2025-03-18 16:31:09 - watchfiles.main - INFO - 3 changes detected
2025-03-18 16:31:09 - watchfiles.main - INFO - 3 changes detected
2025-03-18 16:31:09 - watchfiles.main - INFO - 3 changes detected
2025-03-18 16:31:10 - watchfiles.main - INFO - 3 changes detected
2025-03-18 16:31:10 - watchfiles.main - INFO - 3 changes detected
2025-03-18 16:31:12 - watchfiles.main - INFO - 3 changes detected
2025-03-18 16:31:12 - watchfiles.main - INFO - 3 changes detected
2025-03-18 16:31:12 - watchfiles.main - INFO - 3 changes detected
2025-03-18 16:31:13 - watchfiles.main - INFO - 3 changes detected
2025-03-18 16:31:13 - watchfiles.main - INFO - 3 changes detected
2025-03-18 16:31:14 - watchfiles.main - INFO - 3 changes detected
2025-03-18 16:31:14 - watchfiles.main - INFO - 3 changes detected
2025-03-18 16:31:14 - watchfiles.main - INFO - 3 changes detected
2025-03-18 16:31:15 - watchfiles.main - INFO - 3 changes detected
2025-03-18 16:31:15 - watchfiles.main - INFO - 3 changes detected
2025-03-18 16:31:15 - watchfiles.main - INFO - 3 changes detected
2025-03-18 16:31:16 - watchfiles.main - INFO - 3 changes detected
2025-03-18 16:31:16 - watchfiles.main - INFO - 3 changes detected
2025-03-18 16:31:16 - watchfiles.main - INFO - 3 changes detected
2025-03-18 16:31:17 - watchfiles.main - INFO - 3 changes detected
2025-03-18 16:31:17 - watchfiles.main - INFO - 3 changes detected
2025-03-18 16:31:18 - watchfiles.main - INFO - 3 changes detected
2025-03-18 16:31:18 - watchfiles.main - INFO - 3 changes detected
2025-03-18 16:31:19 - watchfiles.main - INFO - 3 changes detected
2025-03-18 16:31:20 - watchfiles.main - INFO - 3 changes detected
2025-03-18 16:31:20 - watchfiles.main - INFO - 3 changes detected
2025-03-18 16:31:20 - watchfiles.main - INFO - 3 changes detected
2025-03-18 16:31:21 - watchfiles.main - INFO - 3 changes detected
2025-03-18 16:31:21 - watchfiles.main - INFO - 3 changes detected
2025-03-18 16:31:21 - watchfiles.main - INFO - 3 changes detected
2025-03-18 16:31:22 - watchfiles.main - INFO - 3 changes detected
2025-03-18 16:31:22 - watchfiles.main - INFO - 3 changes detected
2025-03-18 16:31:23 - watchfiles.main - INFO - 3 changes detected
2025-03-18 16:31:23 - watchfiles.main - INFO - 3 changes detected
2025-03-18 16:31:24 - watchfiles.main - INFO - 3 changes detected
2025-03-18 16:31:24 - watchfiles.main - INFO - 3 changes detected
2025-03-18 16:31:25 - watchfiles.main - INFO - 3 changes detected
2025-03-18 16:31:26 - watchfiles.main - INFO - 3 changes detected
2025-03-18 16:31:26 - watchfiles.main - INFO - 3 changes detected
2025-03-18 16:31:26 - watchfiles.main - INFO - 3 changes detected
2025-03-18 16:31:27 - watchfiles.main - INFO - 7 changes detected
2025-03-18 16:31:27 - watchfiles.main - INFO - 1 change detected
2025-03-18 16:39:05 - watchfiles.main - INFO - 8 changes detected
2025-03-18 16:39:24 - watchfiles.main - INFO - 1 change detected
2025-03-18 16:39:25 - watchfiles.main - INFO - 1 change detected
2025-03-18 16:39:28 - watchfiles.main - INFO - 3 changes detected
2025-03-18 16:39:31 - watchfiles.main - INFO - 8 changes detected
2025-03-18 16:39:31 - watchfiles.main - INFO - 1 change detected
2025-03-18 16:55:48 - watchfiles.main - INFO - 1 change detected
2025-03-18 16:55:49 - watchfiles.main - INFO - 1 change detected
2025-03-18 16:55:53 - watchfiles.main - INFO - 1 change detected
2025-03-18 16:55:57 - watchfiles.main - INFO - 1 change detected
2025-03-18 16:56:17 - watchfiles.main - INFO - 1 change detected
2025-03-18 16:56:18 - watchfiles.main - INFO - 1 change detected
2025-03-18 16:56:23 - watchfiles.main - INFO - 1 change detected
2025-03-18 16:56:23 - watchfiles.main - INFO - 1 change detected
2025-03-18 16:58:03 - watchfiles.main - INFO - 2 changes detected
2025-03-18 16:58:03 - watchfiles.main - INFO - 1 change detected
2025-03-18 16:58:58 - watchfiles.main - INFO - 1 change detected
2025-03-18 16:58:58 - watchfiles.main - INFO - 1 change detected
2025-03-18 16:59:00 - watchfiles.main - INFO - 3 changes detected
2025-03-18 16:59:38 - watchfiles.main - INFO - 1 change detected
2025-03-18 16:59:39 - watchfiles.main - INFO - 1 change detected
2025-03-18 16:59:41 - watchfiles.main - INFO - 3 changes detected
2025-03-18 17:00:00 - watchfiles.main - INFO - 1 change detected
2025-03-18 17:00:01 - watchfiles.main - INFO - 1 change detected
2025-03-18 17:00:02 - watchfiles.main - INFO - 3 changes detected
2025-03-18 17:00:02 - watchfiles.main - INFO - 7 changes detected
2025-03-18 17:00:03 - watchfiles.main - INFO - 3 changes detected
2025-03-18 17:00:04 - watchfiles.main - INFO - 3 changes detected
2025-03-18 17:00:04 - watchfiles.main - INFO - 3 changes detected
2025-03-18 17:00:04 - watchfiles.main - INFO - 3 changes detected
2025-03-18 17:00:05 - watchfiles.main - INFO - 3 changes detected
2025-03-18 17:00:05 - watchfiles.main - INFO - 3 changes detected
2025-03-18 17:00:05 - watchfiles.main - INFO - 3 changes detected
2025-03-18 17:00:06 - watchfiles.main - INFO - 3 changes detected
2025-03-18 17:00:06 - watchfiles.main - INFO - 3 changes detected
2025-03-18 17:00:06 - watchfiles.main - INFO - 3 changes detected
2025-03-18 17:00:07 - watchfiles.main - INFO - 3 changes detected
2025-03-18 17:00:07 - watchfiles.main - INFO - 3 changes detected
2025-03-18 17:00:08 - watchfiles.main - INFO - 3 changes detected
2025-03-18 17:00:08 - watchfiles.main - INFO - 3 changes detected
2025-03-18 17:00:08 - watchfiles.main - INFO - 3 changes detected
2025-03-18 17:00:09 - watchfiles.main - INFO - 3 changes detected
2025-03-18 17:00:09 - watchfiles.main - INFO - 3 changes detected
2025-03-18 17:00:09 - watchfiles.main - INFO - 3 changes detected
2025-03-18 17:00:10 - watchfiles.main - INFO - 3 changes detected
2025-03-18 17:00:10 - watchfiles.main - INFO - 3 changes detected
2025-03-18 17:00:10 - watchfiles.main - INFO - 3 changes detected
2025-03-18 17:00:11 - watchfiles.main - INFO - 3 changes detected
2025-03-18 17:00:11 - watchfiles.main - INFO - 3 changes detected
2025-03-18 17:00:12 - watchfiles.main - INFO - 3 changes detected
2025-03-18 17:00:12 - watchfiles.main - INFO - 3 changes detected
2025-03-18 17:00:13 - watchfiles.main - INFO - 3 changes detected
2025-03-18 17:00:13 - watchfiles.main - INFO - 3 changes detected
2025-03-18 17:00:14 - watchfiles.main - INFO - 3 changes detected
2025-03-18 17:00:14 - watchfiles.main - INFO - 3 changes detected
2025-03-18 17:00:14 - watchfiles.main - INFO - 3 changes detected
2025-03-18 17:00:15 - watchfiles.main - INFO - 3 changes detected
2025-03-18 17:00:15 - watchfiles.main - INFO - 3 changes detected
2025-03-18 17:00:16 - watchfiles.main - INFO - 3 changes detected
2025-03-18 17:00:16 - watchfiles.main - INFO - 3 changes detected
2025-03-18 17:00:16 - watchfiles.main - INFO - 3 changes detected
2025-03-18 17:00:17 - watchfiles.main - INFO - 3 changes detected
2025-03-18 17:00:18 - watchfiles.main - INFO - 3 changes detected
2025-03-18 17:00:18 - watchfiles.main - INFO - 3 changes detected
2025-03-18 17:00:19 - watchfiles.main - INFO - 3 changes detected
2025-03-18 17:00:20 - watchfiles.main - INFO - 3 changes detected
2025-03-18 17:00:20 - watchfiles.main - INFO - 3 changes detected
2025-03-18 17:00:20 - watchfiles.main - INFO - 3 changes detected
2025-03-18 17:00:21 - watchfiles.main - INFO - 3 changes detected
2025-03-18 17:00:21 - watchfiles.main - INFO - 6 changes detected
2025-03-18 17:00:21 - watchfiles.main - INFO - 1 change detected
2025-03-18 17:00:40 - watchfiles.main - INFO - 1 change detected
2025-03-18 17:00:41 - watchfiles.main - INFO - 1 change detected
2025-03-18 17:00:44 - watchfiles.main - INFO - 1 change detected
2025-03-18 17:00:46 - watchfiles.main - INFO - 1 change detected
2025-03-18 17:01:07 - watchfiles.main - INFO - 1 change detected
2025-03-18 17:01:07 - watchfiles.main - INFO - 1 change detected
2025-03-18 17:01:10 - watchfiles.main - INFO - 10 changes detected
2025-03-18 17:02:30 - watchfiles.main - INFO - 3 changes detected
2025-03-18 17:02:31 - watchfiles.main - INFO - 1 change detected
2025-03-18 17:02:32 - watchfiles.main - INFO - 3 changes detected
2025-03-18 17:02:34 - watchfiles.main - INFO - 6 changes detected
2025-03-18 17:04:54 - watchfiles.main - INFO - 1 change detected
2025-03-18 17:04:55 - watchfiles.main - INFO - 1 change detected
2025-03-18 17:04:59 - watchfiles.main - INFO - 1 change detected
2025-03-18 17:05:00 - watchfiles.main - INFO - 1 change detected
2025-03-18 17:05:10 - watchfiles.main - INFO - 1 change detected
2025-03-18 17:05:11 - watchfiles.main - INFO - 1 change detected
2025-03-18 17:05:38 - watchfiles.main - INFO - 1 change detected
2025-03-18 17:05:38 - watchfiles.main - INFO - 1 change detected
2025-03-18 17:05:41 - watchfiles.main - INFO - 10 changes detected
2025-03-18 17:06:03 - watchfiles.main - INFO - 1 change detected
