2025-03-09 19:53:54 - root - INFO - 日志系统已初始化，日志文件路径: /Users/yohoyes/projects/cursor_projects/taizhang/backend/backend.log
2025-03-09 19:53:54 - root - INFO - 正在从根目录启动服务器...
INFO:     Will watch for changes in these directories: ['/Users/yohoyes/projects/cursor_projects/taizhang/backend']
INFO:     Uvicorn running on http://0.0.0.0:8080 (Press CTRL+C to quit)
INFO:     Started reloader process [30082] using WatchFiles
/opt/anaconda3/lib/python3.11/site-packages/pydantic/_internal/_config.py:345: UserWarning: Valid config keys have changed in V2:
* 'orm_mode' has been renamed to 'from_attributes'
  warnings.warn(message, UserWarning)
2025-03-09 19:53:55 - watchfiles.main - INFO - 18 changes detected
Process SpawnProcess-1:
Traceback (most recent call last):
  File "/opt/anaconda3/lib/python3.11/multiprocessing/process.py", line 314, in _bootstrap
    self.run()
  File "/opt/anaconda3/lib/python3.11/multiprocessing/process.py", line 108, in run
    self._target(*self._args, **self._kwargs)
  File "/opt/anaconda3/lib/python3.11/site-packages/uvicorn/_subprocess.py", line 78, in subprocess_started
    target(sockets=sockets)
  File "/opt/anaconda3/lib/python3.11/site-packages/uvicorn/server.py", line 65, in run
    return asyncio.run(self.serve(sockets=sockets))
           ^^^^^^^^^^^^^^^^^^^^^^^^^^^^^^^^^^^^^^^^
  File "/opt/anaconda3/lib/python3.11/asyncio/runners.py", line 190, in run
    return runner.run(main)
           ^^^^^^^^^^^^^^^^
  File "/opt/anaconda3/lib/python3.11/asyncio/runners.py", line 118, in run
    return self._loop.run_until_complete(task)
           ^^^^^^^^^^^^^^^^^^^^^^^^^^^^^^^^^^^
  File "uvloop/loop.pyx", line 1517, in uvloop.loop.Loop.run_until_complete
  File "/opt/anaconda3/lib/python3.11/site-packages/uvicorn/server.py", line 69, in serve
    await self._serve(sockets)
  File "/opt/anaconda3/lib/python3.11/site-packages/uvicorn/server.py", line 76, in _serve
    config.load()
  File "/opt/anaconda3/lib/python3.11/site-packages/uvicorn/config.py", line 433, in load
    self.loaded_app = import_from_string(self.app)
                      ^^^^^^^^^^^^^^^^^^^^^^^^^^^^
  File "/opt/anaconda3/lib/python3.11/site-packages/uvicorn/importer.py", line 19, in import_from_string
    module = importlib.import_module(module_str)
             ^^^^^^^^^^^^^^^^^^^^^^^^^^^^^^^^^^^
  File "/opt/anaconda3/lib/python3.11/importlib/__init__.py", line 126, in import_module
    return _bootstrap._gcd_import(name[level:], package, level)
           ^^^^^^^^^^^^^^^^^^^^^^^^^^^^^^^^^^^^^^^^^^^^^^^^^^^^
  File "<frozen importlib._bootstrap>", line 1204, in _gcd_import
  File "<frozen importlib._bootstrap>", line 1176, in _find_and_load
  File "<frozen importlib._bootstrap>", line 1147, in _find_and_load_unlocked
  File "<frozen importlib._bootstrap>", line 690, in _load_unlocked
  File "<frozen importlib._bootstrap_external>", line 940, in exec_module
  File "<frozen importlib._bootstrap>", line 241, in _call_with_frames_removed
  File "/Users/yohoyes/projects/cursor_projects/taizhang/backend/app/main.py", line 3, in <module>
    from app.api.api_v1.api import api_router
  File "/Users/yohoyes/projects/cursor_projects/taizhang/backend/app/api/api_v1/api.py", line 3, in <module>
    from app.api.api_v1.endpoints import auth, users, teams, roles, ledgers, templates, workflows, workflow_nodes, workflow_instances, approvals, logs, statistics
  File "/Users/yohoyes/projects/cursor_projects/taizhang/backend/app/api/api_v1/endpoints/__init__.py", line 2, in <module>
    from . import auth, users, teams, roles, ledgers, templates, workflows, workflow_nodes, workflow_instances, approvals, logs, statistics
  File "/Users/yohoyes/projects/cursor_projects/taizhang/backend/app/api/api_v1/endpoints/auth.py", line 11, in <module>
    from app.services.casbin_service import get_roles_for_user, get_permissions_for_role, add_role_for_user
  File "/Users/yohoyes/projects/cursor_projects/taizhang/backend/app/services/casbin_service.py", line 11, in <module>
    enforcer = casbin.Enforcer(settings.CASBIN_MODEL_PATH, adapter)
               ^^^^^^^^^^^^^^^^^^^^^^^^^^^^^^^^^^^^^^^^^^^^^^^^^^^^
  File "/opt/anaconda3/lib/python3.11/site-packages/casbin/core_enforcer.py", line 63, in __init__
    self.init_with_adapter(model, adapter)
  File "/opt/anaconda3/lib/python3.11/site-packages/casbin/core_enforcer.py", line 84, in init_with_adapter
    self.init_with_model_and_adapter(m, adapter)
  File "/opt/anaconda3/lib/python3.11/site-packages/casbin/core_enforcer.py", line 104, in init_with_model_and_adapter
    self.load_policy()
  File "/opt/anaconda3/lib/python3.11/site-packages/casbin/core_enforcer.py", line 251, in load_policy
    raise e
  File "/opt/anaconda3/lib/python3.11/site-packages/casbin/core_enforcer.py", line 225, in load_policy
    self.adapter.load_policy(new_model)
  File "/opt/anaconda3/lib/python3.11/site-packages/casbin_sqlalchemy_adapter/adapter.py", line 96, in load_policy
    persist.load_policy_line(str(line), model)
                             ^^^^^^^^^
  File "/opt/anaconda3/lib/python3.11/site-packages/casbin_sqlalchemy_adapter/adapter.py", line 30, in __str__
    return ", ".join(arr)
           ^^^^^^^^^^^^^^
TypeError: sequence item 0: expected str instance, NoneType found
2025-03-09 19:54:01 - watchfiles.main - INFO - 1 change detected
WARNING:  WatchFiles detected changes in 'app/crud/crud_workflow_instance.py'. Reloading...
/opt/anaconda3/lib/python3.11/site-packages/pydantic/_internal/_config.py:345: UserWarning: Valid config keys have changed in V2:
* 'orm_mode' has been renamed to 'from_attributes'
  warnings.warn(message, UserWarning)
Process SpawnProcess-2:
Traceback (most recent call last):
  File "/opt/anaconda3/lib/python3.11/multiprocessing/process.py", line 314, in _bootstrap
    self.run()
  File "/opt/anaconda3/lib/python3.11/multiprocessing/process.py", line 108, in run
    self._target(*self._args, **self._kwargs)
  File "/opt/anaconda3/lib/python3.11/site-packages/uvicorn/_subprocess.py", line 78, in subprocess_started
    target(sockets=sockets)
  File "/opt/anaconda3/lib/python3.11/site-packages/uvicorn/server.py", line 65, in run
    return asyncio.run(self.serve(sockets=sockets))
           ^^^^^^^^^^^^^^^^^^^^^^^^^^^^^^^^^^^^^^^^
  File "/opt/anaconda3/lib/python3.11/asyncio/runners.py", line 190, in run
    return runner.run(main)
           ^^^^^^^^^^^^^^^^
  File "/opt/anaconda3/lib/python3.11/asyncio/runners.py", line 118, in run
    return self._loop.run_until_complete(task)
           ^^^^^^^^^^^^^^^^^^^^^^^^^^^^^^^^^^^
  File "uvloop/loop.pyx", line 1517, in uvloop.loop.Loop.run_until_complete
  File "/opt/anaconda3/lib/python3.11/site-packages/uvicorn/server.py", line 69, in serve
    await self._serve(sockets)
  File "/opt/anaconda3/lib/python3.11/site-packages/uvicorn/server.py", line 76, in _serve
    config.load()
  File "/opt/anaconda3/lib/python3.11/site-packages/uvicorn/config.py", line 433, in load
    self.loaded_app = import_from_string(self.app)
                      ^^^^^^^^^^^^^^^^^^^^^^^^^^^^
  File "/opt/anaconda3/lib/python3.11/site-packages/uvicorn/importer.py", line 19, in import_from_string
    module = importlib.import_module(module_str)
             ^^^^^^^^^^^^^^^^^^^^^^^^^^^^^^^^^^^
  File "/opt/anaconda3/lib/python3.11/importlib/__init__.py", line 126, in import_module
    return _bootstrap._gcd_import(name[level:], package, level)
           ^^^^^^^^^^^^^^^^^^^^^^^^^^^^^^^^^^^^^^^^^^^^^^^^^^^^
  File "<frozen importlib._bootstrap>", line 1204, in _gcd_import
  File "<frozen importlib._bootstrap>", line 1176, in _find_and_load
  File "<frozen importlib._bootstrap>", line 1147, in _find_and_load_unlocked
  File "<frozen importlib._bootstrap>", line 690, in _load_unlocked
  File "<frozen importlib._bootstrap_external>", line 940, in exec_module
  File "<frozen importlib._bootstrap>", line 241, in _call_with_frames_removed
  File "/Users/yohoyes/projects/cursor_projects/taizhang/backend/app/main.py", line 3, in <module>
    from app.api.api_v1.api import api_router
  File "/Users/yohoyes/projects/cursor_projects/taizhang/backend/app/api/api_v1/api.py", line 3, in <module>
    from app.api.api_v1.endpoints import auth, users, teams, roles, ledgers, templates, workflows, workflow_nodes, workflow_instances, approvals, logs, statistics
  File "/Users/yohoyes/projects/cursor_projects/taizhang/backend/app/api/api_v1/endpoints/__init__.py", line 2, in <module>
    from . import auth, users, teams, roles, ledgers, templates, workflows, workflow_nodes, workflow_instances, approvals, logs, statistics
  File "/Users/yohoyes/projects/cursor_projects/taizhang/backend/app/api/api_v1/endpoints/auth.py", line 11, in <module>
    from app.services.casbin_service import get_roles_for_user, get_permissions_for_role, add_role_for_user
  File "/Users/yohoyes/projects/cursor_projects/taizhang/backend/app/services/casbin_service.py", line 11, in <module>
    enforcer = casbin.Enforcer(settings.CASBIN_MODEL_PATH, adapter)
               ^^^^^^^^^^^^^^^^^^^^^^^^^^^^^^^^^^^^^^^^^^^^^^^^^^^^
  File "/opt/anaconda3/lib/python3.11/site-packages/casbin/core_enforcer.py", line 63, in __init__
    self.init_with_adapter(model, adapter)
  File "/opt/anaconda3/lib/python3.11/site-packages/casbin/core_enforcer.py", line 84, in init_with_adapter
    self.init_with_model_and_adapter(m, adapter)
  File "/opt/anaconda3/lib/python3.11/site-packages/casbin/core_enforcer.py", line 104, in init_with_model_and_adapter
    self.load_policy()
  File "/opt/anaconda3/lib/python3.11/site-packages/casbin/core_enforcer.py", line 251, in load_policy
    raise e
  File "/opt/anaconda3/lib/python3.11/site-packages/casbin/core_enforcer.py", line 225, in load_policy
    self.adapter.load_policy(new_model)
  File "/opt/anaconda3/lib/python3.11/site-packages/casbin_sqlalchemy_adapter/adapter.py", line 96, in load_policy
    persist.load_policy_line(str(line), model)
                             ^^^^^^^^^
  File "/opt/anaconda3/lib/python3.11/site-packages/casbin_sqlalchemy_adapter/adapter.py", line 30, in __str__
    return ", ".join(arr)
           ^^^^^^^^^^^^^^
TypeError: sequence item 0: expected str instance, NoneType found
2025-03-09 19:54:23 - watchfiles.main - INFO - 1 change detected
WARNING:  WatchFiles detected changes in 'app/crud/crud_workflow_instance.py'. Reloading...
/opt/anaconda3/lib/python3.11/site-packages/pydantic/_internal/_config.py:345: UserWarning: Valid config keys have changed in V2:
* 'orm_mode' has been renamed to 'from_attributes'
  warnings.warn(message, UserWarning)
Process SpawnProcess-3:
Traceback (most recent call last):
  File "/opt/anaconda3/lib/python3.11/multiprocessing/process.py", line 314, in _bootstrap
    self.run()
  File "/opt/anaconda3/lib/python3.11/multiprocessing/process.py", line 108, in run
    self._target(*self._args, **self._kwargs)
  File "/opt/anaconda3/lib/python3.11/site-packages/uvicorn/_subprocess.py", line 78, in subprocess_started
    target(sockets=sockets)
  File "/opt/anaconda3/lib/python3.11/site-packages/uvicorn/server.py", line 65, in run
    return asyncio.run(self.serve(sockets=sockets))
           ^^^^^^^^^^^^^^^^^^^^^^^^^^^^^^^^^^^^^^^^
  File "/opt/anaconda3/lib/python3.11/asyncio/runners.py", line 190, in run
    return runner.run(main)
           ^^^^^^^^^^^^^^^^
  File "/opt/anaconda3/lib/python3.11/asyncio/runners.py", line 118, in run
    return self._loop.run_until_complete(task)
           ^^^^^^^^^^^^^^^^^^^^^^^^^^^^^^^^^^^
  File "uvloop/loop.pyx", line 1517, in uvloop.loop.Loop.run_until_complete
  File "/opt/anaconda3/lib/python3.11/site-packages/uvicorn/server.py", line 69, in serve
    await self._serve(sockets)
  File "/opt/anaconda3/lib/python3.11/site-packages/uvicorn/server.py", line 76, in _serve
    config.load()
  File "/opt/anaconda3/lib/python3.11/site-packages/uvicorn/config.py", line 433, in load
    self.loaded_app = import_from_string(self.app)
                      ^^^^^^^^^^^^^^^^^^^^^^^^^^^^
  File "/opt/anaconda3/lib/python3.11/site-packages/uvicorn/importer.py", line 19, in import_from_string
    module = importlib.import_module(module_str)
             ^^^^^^^^^^^^^^^^^^^^^^^^^^^^^^^^^^^
  File "/opt/anaconda3/lib/python3.11/importlib/__init__.py", line 126, in import_module
    return _bootstrap._gcd_import(name[level:], package, level)
           ^^^^^^^^^^^^^^^^^^^^^^^^^^^^^^^^^^^^^^^^^^^^^^^^^^^^
  File "<frozen importlib._bootstrap>", line 1204, in _gcd_import
  File "<frozen importlib._bootstrap>", line 1176, in _find_and_load
  File "<frozen importlib._bootstrap>", line 1147, in _find_and_load_unlocked
  File "<frozen importlib._bootstrap>", line 690, in _load_unlocked
  File "<frozen importlib._bootstrap_external>", line 940, in exec_module
  File "<frozen importlib._bootstrap>", line 241, in _call_with_frames_removed
  File "/Users/yohoyes/projects/cursor_projects/taizhang/backend/app/main.py", line 3, in <module>
    from app.api.api_v1.api import api_router
  File "/Users/yohoyes/projects/cursor_projects/taizhang/backend/app/api/api_v1/api.py", line 3, in <module>
    from app.api.api_v1.endpoints import auth, users, teams, roles, ledgers, templates, workflows, workflow_nodes, workflow_instances, approvals, logs, statistics
  File "/Users/yohoyes/projects/cursor_projects/taizhang/backend/app/api/api_v1/endpoints/__init__.py", line 2, in <module>
    from . import auth, users, teams, roles, ledgers, templates, workflows, workflow_nodes, workflow_instances, approvals, logs, statistics
  File "/Users/yohoyes/projects/cursor_projects/taizhang/backend/app/api/api_v1/endpoints/auth.py", line 11, in <module>
    from app.services.casbin_service import get_roles_for_user, get_permissions_for_role, add_role_for_user
  File "/Users/yohoyes/projects/cursor_projects/taizhang/backend/app/services/casbin_service.py", line 11, in <module>
    enforcer = casbin.Enforcer(settings.CASBIN_MODEL_PATH, adapter)
               ^^^^^^^^^^^^^^^^^^^^^^^^^^^^^^^^^^^^^^^^^^^^^^^^^^^^
  File "/opt/anaconda3/lib/python3.11/site-packages/casbin/core_enforcer.py", line 63, in __init__
    self.init_with_adapter(model, adapter)
  File "/opt/anaconda3/lib/python3.11/site-packages/casbin/core_enforcer.py", line 84, in init_with_adapter
    self.init_with_model_and_adapter(m, adapter)
  File "/opt/anaconda3/lib/python3.11/site-packages/casbin/core_enforcer.py", line 104, in init_with_model_and_adapter
    self.load_policy()
  File "/opt/anaconda3/lib/python3.11/site-packages/casbin/core_enforcer.py", line 251, in load_policy
    raise e
  File "/opt/anaconda3/lib/python3.11/site-packages/casbin/core_enforcer.py", line 225, in load_policy
    self.adapter.load_policy(new_model)
  File "/opt/anaconda3/lib/python3.11/site-packages/casbin_sqlalchemy_adapter/adapter.py", line 96, in load_policy
    persist.load_policy_line(str(line), model)
                             ^^^^^^^^^
  File "/opt/anaconda3/lib/python3.11/site-packages/casbin_sqlalchemy_adapter/adapter.py", line 30, in __str__
    return ", ".join(arr)
           ^^^^^^^^^^^^^^
TypeError: sequence item 0: expected str instance, NoneType found
INFO:     Stopping reloader process [30082]
